{"meta": {"format": 3, "version": "7.13.4", "timestamp": "2026-03-06T10:44:10.840184", "branch_coverage": false, "show_contexts": false}, "files": {"deployment_api/__init__.py": {"executed_lines": [8], "summary": {"covered_lines": 1, "num_statements": 1, "percent_covered": 100.0, "percent_covered_display": "100.0", "missing_lines": 0, "excluded_lines": 0, "percent_statements_covered": 100.0, "percent_statements_covered_display": "100.0"}, "missing_lines": [], "excluded_lines": [], "functions": {"": {"executed_lines": [8], "summary": {"covered_lines": 1, "num_statements": 1, "percent_covered": 100.0, "percent_covered_display": "100.0", "missing_lines": 0, "excluded_lines": 0, "percent_statements_covered": 100.0, "percent_statements_covered_display": "100.0"}, "missing_lines": [], "excluded_lines": [], "start_line": 1}}, "classes": {"": {"executed_lines": [8], "summary": {"covered_lines": 1, "num_statements": 1, "percent_covered": 100.0, "percent_covered_display": "100.0", "missing_lines": 0, "excluded_lines": 0, "percent_statements_covered": 100.0, "percent_statements_covered_display": "100.0"}, "missing_lines": [], "excluded_lines": [], "start_line": 1}}}, "deployment_api/app_config.py": {"executed_lines": [], "summary": {"covered_lines": 0, "num_statements": 93, "percent_covered": 0.0, "percent_covered_display": "0.0", "missing_lines": 93, "excluded_lines": 0, "percent_statements_covered": 0.0, "percent_statements_covered_display": "0.0"}, "missing_lines": [7, 8, 9, 10, 11, 12, 14, 15, 16, 18, 19, 20, 21, 28, 31, 34, 35, 36, 38, 39, 41, 44, 46, 47, 48, 50, 51, 52, 55, 56, 59, 60, 63, 65, 68, 69, 70, 73, 75, 76, 79, 81, 84, 85, 86, 87, 88, 89, 90, 91, 92, 93, 94, 95, 96, 97, 98, 101, 102, 103, 104, 105, 107, 108, 111, 112, 113, 114, 115, 116, 117, 118, 119, 120, 121, 122, 123, 125, 126, 127, 128, 130, 131, 132, 133, 136, 138, 149, 150, 151, 162, 163, 172], "excluded_lines": [], "functions": {"get_config_dir": {"executed_lines": [], "summary": {"covered_lines": 0, "num_statements": 6, "percent_covered": 0.0, "percent_covered_display": "0.0", "missing_lines": 6, "excluded_lines": 0, "percent_statements_covered": 0.0, "percent_statements_covered_display": "0.0"}, "missing_lines": [34, 35, 36, 38, 39, 41], "excluded_lines": [], "start_line": 31}, "get_ui_dist_dir": {"executed_lines": [], "summary": {"covered_lines": 0, "num_statements": 6, "percent_covered": 0.0, "percent_covered_display": "0.0", "missing_lines": 6, "excluded_lines": 0, "percent_statements_covered": 0.0, "percent_statements_covered_display": "0.0"}, "missing_lines": [46, 47, 48, 50, 51, 52], "excluded_lines": [], "start_line": 44}, "lifespan": {"executed_lines": [], "summary": {"covered_lines": 0, "num_statements": 55, "percent_covered": 0.0, "percent_covered_display": "0.0", "missing_lines": 55, "excluded_lines": 0, "percent_statements_covered": 0.0, "percent_statements_covered_display": "0.0"}, "missing_lines": [59, 60, 63, 65, 68, 69, 70, 73, 75, 76, 79, 81, 84, 85, 86, 87, 88, 89, 90, 91, 92, 93, 94, 95, 96, 97, 98, 101, 102, 103, 104, 105, 107, 108, 111, 112, 113, 114, 115, 116, 117, 118, 119, 120, 121, 122, 123, 125, 126, 127, 128, 130, 131, 132, 133], "excluded_lines": [], "start_line": 56}, "create_app": {"executed_lines": [], "summary": {"covered_lines": 0, "num_statements": 7, "percent_covered": 0.0, "percent_covered_display": "0.0", "missing_lines": 7, "excluded_lines": 0, "percent_statements_covered": 0.0, "percent_statements_covered_display": "0.0"}, "missing_lines": [138, 149, 150, 151, 162, 163, 172], "excluded_lines": [], "start_line": 136}, "": {"executed_lines": [], "summary": {"covered_lines": 0, "num_statements": 19, "percent_covered": 0.0, "percent_covered_display": "0.0", "missing_lines": 19, "excluded_lines": 0, "percent_statements_covered": 0.0, "percent_statements_covered_display": "0.0"}, "missing_lines": [7, 8, 9, 10, 11, 12, 14, 15, 16, 18, 19, 20, 21, 28, 31, 44, 55, 56, 136], "excluded_lines": [], "start_line": 1}}, "classes": {"": {"executed_lines": [], "summary": {"covered_lines": 0, "num_statements": 93, "percent_covered": 0.0, "percent_covered_display": "0.0", "missing_lines": 93, "excluded_lines": 0, "percent_statements_covered": 0.0, "percent_statements_covered_display": "0.0"}, "missing_lines": [7, 8, 9, 10, 11, 12, 14, 15, 16, 18, 19, 20, 21, 28, 31, 34, 35, 36, 38, 39, 41, 44, 46, 47, 48, 50, 51, 52, 55, 56, 59, 60, 63, 65, 68, 69, 70, 73, 75, 76, 79, 81, 84, 85, 86, 87, 88, 89, 90, 91, 92, 93, 94, 95, 96, 97, 98, 101, 102, 103, 104, 105, 107, 108, 111, 112, 113, 114, 115, 116, 117, 118, 119, 120, 121, 122, 123, 125, 126, 127, 128, 130, 131, 132, 133, 136, 138, 149, 150, 151, 162, 163, 172], "excluded_lines": [], "start_line": 1}}}, "deployment_api/auth.py": {"executed_lines": [3, 5, 7, 8, 9, 10, 12, 15, 16, 17, 18, 22, 23, 25, 28, 35, 36, 37, 38, 39, 40, 41, 42, 43, 44, 45], "summary": {"covered_lines": 26, "num_statements": 28, "percent_covered": 92.85714285714286, "percent_covered_display": "92.9", "missing_lines": 2, "excluded_lines": 0, "percent_statements_covered": 92.85714285714286, "percent_statements_covered_display": "92.9"}, "missing_lines": [19, 20], "excluded_lines": [], "functions": {"verify_api_key": {"executed_lines": [35, 36, 37, 38, 39, 40, 41, 42, 43, 44, 45], "summary": {"covered_lines": 11, "num_statements": 11, "percent_covered": 100.0, "percent_covered_display": "100.0", "missing_lines": 0, "excluded_lines": 0, "percent_statements_covered": 100.0, "percent_statements_covered_display": "100.0"}, "missing_lines": [], "excluded_lines": [], "start_line": 28}, "": {"executed_lines": [3, 5, 7, 8, 9, 10, 12, 15, 16, 17, 18, 22, 23, 25, 28], "summary": {"covered_lines": 15, "num_statements": 17, "percent_covered": 88.23529411764706, "percent_covered_display": "88.2", "missing_lines": 2, "excluded_lines": 0, "percent_statements_covered": 88.23529411764706, "percent_statements_covered_display": "88.2"}, "missing_lines": [19, 20], "excluded_lines": [], "start_line": 1}}, "classes": {"": {"executed_lines": [3, 5, 7, 8, 9, 10, 12, 15, 16, 17, 18, 22, 23, 25, 28, 35, 36, 37, 38, 39, 40, 41, 42, 43, 44, 45], "summary": {"covered_lines": 26, "num_statements": 28, "percent_covered": 92.85714285714286, "percent_covered_display": "92.9", "missing_lines": 2, "excluded_lines": 0, "percent_statements_covered": 92.85714285714286, "percent_statements_covered_display": "92.9"}, "missing_lines": [19, 20], "excluded_lines": [], "start_line": 1}}}, "deployment_api/auth_middleware.py": {"executed_lines": [7, 10], "summary": {"covered_lines": 2, "num_statements": 2, "percent_covered": 100.0, "percent_covered_display": "100.0", "missing_lines": 0, "excluded_lines": 0, "percent_statements_covered": 100.0, "percent_statements_covered_display": "100.0"}, "missing_lines": [], "excluded_lines": [], "functions": {"": {"executed_lines": [7, 10], "summary": {"covered_lines": 2, "num_statements": 2, "percent_covered": 100.0, "percent_covered_display": "100.0", "missing_lines": 0, "excluded_lines": 0, "percent_statements_covered": 100.0, "percent_statements_covered_display": "100.0"}, "missing_lines": [], "excluded_lines": [], "start_line": 1}}, "classes": {"": {"executed_lines": [7, 10], "summary": {"covered_lines": 2, "num_statements": 2, "percent_covered": 100.0, "percent_covered_display": "100.0", "missing_lines": 0, "excluded_lines": 0, "percent_statements_covered": 100.0, "percent_statements_covered_display": "100.0"}, "missing_lines": [], "excluded_lines": [], "start_line": 1}}}, "deployment_api/background_sync.py": {"executed_lines": [8, 9, 10, 11, 13, 14, 16, 19, 20, 23, 25, 26, 27, 30, 33, 36, 48, 55, 57, 58, 59, 61, 68, 70, 71, 72, 74, 75, 79, 80, 108, 109, 113, 117, 118, 121, 123, 124, 125, 131, 134, 136], "summary": {"covered_lines": 42, "num_statements": 63, "percent_covered": 66.66666666666667, "percent_covered_display": "66.7", "missing_lines": 21, "excluded_lines": 0, "percent_statements_covered": 66.66666666666667, "percent_statements_covered_display": "66.7"}, "missing_lines": [77, 83, 84, 85, 87, 88, 91, 92, 93, 94, 95, 96, 97, 98, 101, 102, 103, 105, 106, 110, 111], "excluded_lines": [], "functions": {"get_held_deployment_locks": {"executed_lines": [25, 26, 27], "summary": {"covered_lines": 3, "num_statements": 3, "percent_covered": 100.0, "percent_covered_display": "100.0", "missing_lines": 0, "excluded_lines": 0, "percent_statements_covered": 100.0, "percent_statements_covered_display": "100.0"}, "missing_lines": [], "excluded_lines": [], "start_line": 23}, "set_shutdown_event": {"executed_lines": [33], "summary": {"covered_lines": 1, "num_statements": 1, "percent_covered": 100.0, "percent_covered_display": "100.0", "missing_lines": 0, "excluded_lines": 0, "percent_statements_covered": 100.0, "percent_statements_covered_display": "100.0"}, "missing_lines": [], "excluded_lines": [], "start_line": 30}, "_auto_sync_running_deployments": {"executed_lines": [48, 55, 57, 58, 59, 61, 68, 70, 71, 72, 74, 75, 79, 80, 108, 109, 113], "summary": {"covered_lines": 17, "num_statements": 38, "percent_covered": 44.73684210526316, "percent_covered_display": "44.7", "missing_lines": 21, "excluded_lines": 0, "percent_statements_covered": 44.73684210526316, "percent_statements_covered_display": "44.7"}, "missing_lines": [77, 83, 84, 85, 87, 88, 91, 92, 93, 94, 95, 96, 97, 98, 101, 102, 103, 105, 106, 110, 111], "excluded_lines": [], "start_line": 36}, "get_owner_id": {"executed_lines": [123, 124, 125], "summary": {"covered_lines": 3, "num_statements": 3, "percent_covered": 100.0, "percent_covered_display": "100.0", "missing_lines": 0, "excluded_lines": 0, "percent_statements_covered": 100.0, "percent_statements_covered_display": "100.0"}, "missing_lines": [], "excluded_lines": [], "start_line": 121}, "_set_owner_id": {"executed_lines": [136], "summary": {"covered_lines": 1, "num_statements": 1, "percent_covered": 100.0, "percent_covered_display": "100.0", "missing_lines": 0, "excluded_lines": 0, "percent_statements_covered": 100.0, "percent_statements_covered_display": "100.0"}, "missing_lines": [], "excluded_lines": [], "start_line": 134}, "": {"executed_lines": [8, 9, 10, 11, 13, 14, 16, 19, 20, 23, 30, 36, 117, 118, 121, 131, 134], "summary": {"covered_lines": 17, "num_statements": 17, "percent_covered": 100.0, "percent_covered_display": "100.0", "missing_lines": 0, "excluded_lines": 0, "percent_statements_covered": 100.0, "percent_statements_covered_display": "100.0"}, "missing_lines": [], "excluded_lines": [], "start_line": 1}}, "classes": {"": {"executed_lines": [8, 9, 10, 11, 13, 14, 16, 19, 20, 23, 25, 26, 27, 30, 33, 36, 48, 55, 57, 58, 59, 61, 68, 70, 71, 72, 74, 75, 79, 80, 108, 109, 113, 117, 118, 121, 123, 124, 125, 131, 134, 136], "summary": {"covered_lines": 42, "num_statements": 63, "percent_covered": 66.66666666666667, "percent_covered_display": "66.7", "missing_lines": 21, "excluded_lines": 0, "percent_statements_covered": 66.66666666666667, "percent_statements_covered_display": "66.7"}, "missing_lines": [77, 83, 84, 85, 87, 88, 91, 92, 93, 94, 95, 96, 97, 98, 101, 102, 103, 105, 106, 110, 111], "excluded_lines": [], "start_line": 1}}}, "deployment_api/health_routes.py": {"executed_lines": [8, 10, 11, 13, 14, 16, 18, 21, 22, 24, 25, 26, 27, 30, 31, 33, 35, 43, 44, 50, 51, 53, 54, 58, 59, 66, 67, 78, 80, 82, 91, 92, 93, 94, 97, 98, 100, 106, 107, 109, 110, 115, 117, 122, 123, 124, 132, 133, 135, 136, 138, 139, 140, 142, 144], "summary": {"covered_lines": 55, "num_statements": 61, "percent_covered": 90.1639344262295, "percent_covered_display": "90.2", "missing_lines": 6, "excluded_lines": 0, "percent_statements_covered": 90.1639344262295, "percent_statements_covered_display": "90.2"}, "missing_lines": [101, 102, 103, 111, 112, 113], "excluded_lines": [], "functions": {"root": {"executed_lines": [24, 25, 26, 27], "summary": {"covered_lines": 4, "num_statements": 4, "percent_covered": 100.0, "percent_covered_display": "100.0", "missing_lines": 0, "excluded_lines": 0, "percent_statements_covered": 100.0, "percent_statements_covered_display": "100.0"}, "missing_lines": [], "excluded_lines": [], "start_line": 22}, "health_check": {"executed_lines": [33, 35], "summary": {"covered_lines": 2, "num_statements": 2, "percent_covered": 100.0, "percent_covered_display": "100.0", "missing_lines": 0, "excluded_lines": 0, "percent_statements_covered": 100.0, "percent_statements_covered_display": "100.0"}, "missing_lines": [], "excluded_lines": [], "start_line": 31}, "get_workers_status": {"executed_lines": [50, 51, 53, 54, 58, 59], "summary": {"covered_lines": 6, "num_statements": 6, "percent_covered": 100.0, "percent_covered_display": "100.0", "missing_lines": 0, "excluded_lines": 0, "percent_statements_covered": 100.0, "percent_statements_covered_display": "100.0"}, "missing_lines": [], "excluded_lines": [], "start_line": 44}, "clear_cache": {"executed_lines": [78, 80, 82, 91, 92, 93, 94, 97, 98, 100, 106, 107, 109, 110, 115, 117, 122, 123, 124], "summary": {"covered_lines": 19, "num_statements": 25, "percent_covered": 76.0, "percent_covered_display": "76.0", "missing_lines": 6, "excluded_lines": 0, "percent_statements_covered": 76.0, "percent_statements_covered_display": "76.0"}, "missing_lines": [101, 102, 103, 111, 112, 113], "excluded_lines": [], "start_line": 67}, "serve_spa": {"executed_lines": [135, 136, 138, 139, 140, 142, 144], "summary": {"covered_lines": 7, "num_statements": 7, "percent_covered": 100.0, "percent_covered_display": "100.0", "missing_lines": 0, "excluded_lines": 0, "percent_statements_covered": 100.0, "percent_statements_covered_display": "100.0"}, "missing_lines": [], "excluded_lines": [], "start_line": 133}, "": {"executed_lines": [8, 10, 11, 13, 14, 16, 18, 21, 22, 30, 31, 43, 44, 66, 67, 132, 133], "summary": {"covered_lines": 17, "num_statements": 17, "percent_covered": 100.0, "percent_covered_display": "100.0", "missing_lines": 0, "excluded_lines": 0, "percent_statements_covered": 100.0, "percent_statements_covered_display": "100.0"}, "missing_lines": [], "excluded_lines": [], "start_line": 1}}, "classes": {"": {"executed_lines": [8, 10, 11, 13, 14, 16, 18, 21, 22, 24, 25, 26, 27, 30, 31, 33, 35, 43, 44, 50, 51, 53, 54, 58, 59, 66, 67, 78, 80, 82, 91, 92, 93, 94, 97, 98, 100, 106, 107, 109, 110, 115, 117, 122, 123, 124, 132, 133, 135, 136, 138, 139, 140, 142, 144], "summary": {"covered_lines": 55, "num_statements": 61, "percent_covered": 90.1639344262295, "percent_covered_display": "90.2", "missing_lines": 6, "excluded_lines": 0, "percent_statements_covered": 90.1639344262295, "percent_statements_covered_display": "90.2"}, "missing_lines": [101, 102, 103, 111, 112, 113], "excluded_lines": [], "start_line": 1}}}, "deployment_api/lifespan.py": {"executed_lines": [8, 9, 10, 11, 12, 14, 16, 24, 25, 27, 30, 31, 32, 35, 36, 41, 42, 45, 47, 50, 51, 52, 53, 56, 58, 59, 61, 64, 65, 66, 67, 68, 69, 70, 71, 72, 75, 76, 77, 78, 81, 82, 83, 86, 87, 88, 89, 90, 91, 92, 93, 94, 95, 96, 99, 101, 102, 103, 104, 106, 107, 109], "summary": {"covered_lines": 62, "num_statements": 68, "percent_covered": 91.17647058823529, "percent_covered_display": "91.2", "missing_lines": 6, "excluded_lines": 0, "percent_statements_covered": 91.17647058823529, "percent_statements_covered_display": "91.2"}, "missing_lines": [73, 74, 97, 98, 110, 111], "excluded_lines": [], "functions": {"lifespan": {"executed_lines": [41, 42, 45, 47, 50, 51, 52, 53, 56, 58, 59, 61, 64, 65, 66, 67, 68, 69, 70, 71, 72, 75, 76, 77, 78, 81, 82, 83, 86, 87, 88, 89, 90, 91, 92, 93, 94, 95, 96, 99, 101, 102, 103, 104, 106, 107, 109], "summary": {"covered_lines": 47, "num_statements": 53, "percent_covered": 88.67924528301887, "percent_covered_display": "88.7", "missing_lines": 6, "excluded_lines": 0, "percent_statements_covered": 88.67924528301887, "percent_statements_covered_display": "88.7"}, "missing_lines": [73, 74, 97, 98, 110, 111], "excluded_lines": [], "start_line": 36}, "": {"executed_lines": [8, 9, 10, 11, 12, 14, 16, 24, 25, 27, 30, 31, 32, 35, 36], "summary": {"covered_lines": 15, "num_statements": 15, "percent_covered": 100.0, "percent_covered_display": "100.0", "missing_lines": 0, "excluded_lines": 0, "percent_statements_covered": 100.0, "percent_statements_covered_display": "100.0"}, "missing_lines": [], "excluded_lines": [], "start_line": 1}}, "classes": {"": {"executed_lines": [8, 9, 10, 11, 12, 14, 16, 24, 25, 27, 30, 31, 32, 35, 36, 41, 42, 45, 47, 50, 51, 52, 53, 56, 58, 59, 61, 64, 65, 66, 67, 68, 69, 70, 71, 72, 75, 76, 77, 78, 81, 82, 83, 86, 87, 88, 89, 90, 91, 92, 93, 94, 95, 96, 99, 101, 102, 103, 104, 106, 107, 109], "summary": {"covered_lines": 62, "num_statements": 68, "percent_covered": 91.17647058823529, "percent_covered_display": "91.2", "missing_lines": 6, "excluded_lines": 0, "percent_statements_covered": 91.17647058823529, "percent_statements_covered_display": "91.2"}, "missing_lines": [73, 74, 97, 98, 110, 111], "excluded_lines": [], "start_line": 1}}}, "deployment_api/main.py": {"executed_lines": [], "summary": {"covered_lines": 0, "num_statements": 43, "percent_covered": 0.0, "percent_covered_display": "0.0", "missing_lines": 43, "excluded_lines": 0, "percent_statements_covered": 0.0, "percent_statements_covered_display": "0.0"}, "missing_lines": [9, 10, 11, 13, 14, 15, 16, 23, 25, 26, 27, 28, 29, 30, 32, 45, 49, 52, 53, 64, 70, 71, 72, 73, 74, 75, 76, 77, 78, 79, 82, 83, 86, 87, 90, 94, 95, 97, 98, 102, 103, 105, 107], "excluded_lines": [], "functions": {"metrics": {"executed_lines": [], "summary": {"covered_lines": 0, "num_statements": 1, "percent_covered": 0.0, "percent_covered_display": "0.0", "missing_lines": 1, "excluded_lines": 0, "percent_statements_covered": 0.0, "percent_statements_covered_display": "0.0"}, "missing_lines": [90], "excluded_lines": [], "start_line": 87}, "health_check_with_config": {"executed_lines": [], "summary": {"covered_lines": 0, "num_statements": 2, "percent_covered": 0.0, "percent_covered_display": "0.0", "missing_lines": 2, "excluded_lines": 0, "percent_statements_covered": 0.0, "percent_statements_covered_display": "0.0"}, "missing_lines": [105, 107], "excluded_lines": [], "start_line": 103}, "": {"executed_lines": [], "summary": {"covered_lines": 0, "num_statements": 40, "percent_covered": 0.0, "percent_covered_display": "0.0", "missing_lines": 40, "excluded_lines": 0, "percent_statements_covered": 0.0, "percent_statements_covered_display": "0.0"}, "missing_lines": [9, 10, 11, 13, 14, 15, 16, 23, 25, 26, 27, 28, 29, 30, 32, 45, 49, 52, 53, 64, 70, 71, 72, 73, 74, 75, 76, 77, 78, 79, 82, 83, 86, 87, 94, 95, 97, 98, 102, 103], "excluded_lines": [], "start_line": 1}}, "classes": {"": {"executed_lines": [], "summary": {"covered_lines": 0, "num_statements": 43, "percent_covered": 0.0, "percent_covered_display": "0.0", "missing_lines": 43, "excluded_lines": 0, "percent_statements_covered": 0.0, "percent_statements_covered_display": "0.0"}, "missing_lines": [9, 10, 11, 13, 14, 15, 16, 23, 25, 26, 27, 28, 29, 30, 32, 45, 49, 52, 53, 64, 70, 71, 72, 73, 74, 75, 76, 77, 78, 79, 82, 83, 86, 87, 90, 94, 95, 97, 98, 102, 103, 105, 107], "excluded_lines": [], "start_line": 1}}}, "deployment_api/middleware.py": {"executed_lines": [7, 8, 10, 13, 16, 17, 20, 21, 24, 25, 26, 37, 41, 42, 43, 45, 46, 47, 48, 51, 52, 62], "summary": {"covered_lines": 22, "num_statements": 22, "percent_covered": 100.0, "percent_covered_display": "100.0", "missing_lines": 0, "excluded_lines": 0, "percent_statements_covered": 100.0, "percent_statements_covered_display": "100.0"}, "missing_lines": [], "excluded_lines": [], "functions": {"configure_middleware": {"executed_lines": [16, 17, 20, 21, 24, 25, 26, 37, 41, 42, 43, 45, 46, 47, 48, 51, 52, 62], "summary": {"covered_lines": 18, "num_statements": 18, "percent_covered": 100.0, "percent_covered_display": "100.0", "missing_lines": 0, "excluded_lines": 0, "percent_statements_covered": 100.0, "percent_statements_covered_display": "100.0"}, "missing_lines": [], "excluded_lines": [], "start_line": 13}, "": {"executed_lines": [7, 8, 10, 13], "summary": {"covered_lines": 4, "num_statements": 4, "percent_covered": 100.0, "percent_covered_display": "100.0", "missing_lines": 0, "excluded_lines": 0, "percent_statements_covered": 100.0, "percent_statements_covered_display": "100.0"}, "missing_lines": [], "excluded_lines": [], "start_line": 1}}, "classes": {"": {"executed_lines": [7, 8, 10, 13, 16, 17, 20, 21, 24, 25, 26, 37, 41, 42, 43, 45, 46, 47, 48, 51, 52, 62], "summary": {"covered_lines": 22, "num_statements": 22, "percent_covered": 100.0, "percent_covered_display": "100.0", "missing_lines": 0, "excluded_lines": 0, "percent_statements_covered": 100.0, "percent_statements_covered_display": "100.0"}, "missing_lines": [], "excluded_lines": [], "start_line": 1}}}, "deployment_api/routes/__init__.py": {"executed_lines": [5, 7], "summary": {"covered_lines": 2, "num_statements": 2, "percent_covered": 100.0, "percent_covered_display": "100.0", "missing_lines": 0, "excluded_lines": 0, "percent_statements_covered": 100.0, "percent_statements_covered_display": "100.0"}, "missing_lines": [], "excluded_lines": [], "functions": {"": {"executed_lines": [5, 7], "summary": {"covered_lines": 2, "num_statements": 2, "percent_covered": 100.0, "percent_covered_display": "100.0", "missing_lines": 0, "excluded_lines": 0, "percent_statements_covered": 100.0, "percent_statements_covered_display": "100.0"}, "missing_lines": [], "excluded_lines": [], "start_line": 1}}, "classes": {"": {"executed_lines": [5, 7], "summary": {"covered_lines": 2, "num_statements": 2, "percent_covered": 100.0, "percent_covered_display": "100.0", "missing_lines": 0, "excluded_lines": 0, "percent_statements_covered": 100.0, "percent_statements_covered_display": "100.0"}, "missing_lines": [], "excluded_lines": [], "start_line": 1}}}, "deployment_api/routes/batch_cache_manager.py": {"executed_lines": [8, 10, 16, 19, 46, 47, 49, 66, 67, 69, 70, 72, 74, 77, 107, 108, 126, 129, 130, 132], "summary": {"covered_lines": 20, "num_statements": 20, "percent_covered": 100.0, "percent_covered_display": "100.0", "missing_lines": 0, "excluded_lines": 0, "percent_statements_covered": 100.0, "percent_statements_covered_display": "100.0"}, "missing_lines": [], "excluded_lines": [], "functions": {"check_cache_for_result": {"executed_lines": [46, 47, 49, 66, 67, 69, 70, 72, 74], "summary": {"covered_lines": 9, "num_statements": 9, "percent_covered": 100.0, "percent_covered_display": "100.0", "missing_lines": 0, "excluded_lines": 0, "percent_statements_covered": 100.0, "percent_statements_covered_display": "100.0"}, "missing_lines": [], "excluded_lines": [], "start_line": 19}, "store_result_in_cache": {"executed_lines": [107, 108, 126, 129, 130, 132], "summary": {"covered_lines": 6, "num_statements": 6, "percent_covered": 100.0, "percent_covered_display": "100.0", "missing_lines": 0, "excluded_lines": 0, "percent_statements_covered": 100.0, "percent_statements_covered_display": "100.0"}, "missing_lines": [], "excluded_lines": [], "start_line": 77}, "": {"executed_lines": [8, 10, 16, 19, 77], "summary": {"covered_lines": 5, "num_statements": 5, "percent_covered": 100.0, "percent_covered_display": "100.0", "missing_lines": 0, "excluded_lines": 0, "percent_statements_covered": 100.0, "percent_statements_covered_display": "100.0"}, "missing_lines": [], "excluded_lines": [], "start_line": 1}}, "classes": {"": {"executed_lines": [8, 10, 16, 19, 46, 47, 49, 66, 67, 69, 70, 72, 74, 77, 107, 108, 126, 129, 130, 132], "summary": {"covered_lines": 20, "num_statements": 20, "percent_covered": 100.0, "percent_covered_display": "100.0", "missing_lines": 0, "excluded_lines": 0, "percent_statements_covered": 100.0, "percent_statements_covered_display": "100.0"}, "missing_lines": [], "excluded_lines": [], "start_line": 1}}}, "deployment_api/routes/batch_config_utils.py": {"executed_lines": [8, 9, 10, 12, 14, 16, 20, 23, 70, 135, 145, 155, 157, 158, 159, 162, 164, 165, 168, 170, 171, 172, 173, 176, 178, 179, 180, 181, 184, 197, 198, 199, 201, 202, 203, 205, 207, 208, 209, 210, 214, 225, 226, 227, 228, 229, 230, 232, 234, 237, 239, 240, 241, 242, 246, 252, 253, 254, 255, 256, 257, 258, 262, 280, 281, 283, 284, 286, 289, 290, 292, 294, 297, 310, 311, 312, 313, 314, 315, 316, 317, 318, 319, 323, 324, 325, 326, 328], "summary": {"covered_lines": 88, "num_statements": 103, "percent_covered": 85.4368932038835, "percent_covered_display": "85.4", "missing_lines": 15, "excluded_lines": 0, "percent_statements_covered": 85.4368932038835, "percent_statements_covered_display": "85.4"}, "missing_lines": [137, 138, 139, 140, 141, 142, 147, 148, 149, 150, 151, 152, 211, 243, 259], "excluded_lines": [], "functions": {"load_expected_start_dates": {"executed_lines": [], "summary": {"covered_lines": 0, "num_statements": 6, "percent_covered": 0.0, "percent_covered_display": "0.0", "missing_lines": 6, "excluded_lines": 0, "percent_statements_covered": 0.0, "percent_statements_covered_display": "0.0"}, "missing_lines": [137, 138, 139, 140, 141, 142], "excluded_lines": [], "start_line": 135}, "load_venue_data_types": {"executed_lines": [], "summary": {"covered_lines": 0, "num_statements": 6, "percent_covered": 0.0, "percent_covered_display": "0.0", "missing_lines": 6, "excluded_lines": 0, "percent_statements_covered": 0.0, "percent_statements_covered_display": "0.0"}, "missing_lines": [147, 148, 149, 150, 151, 152], "excluded_lines": [], "start_line": 145}, "get_expected_venues_for_category": {"executed_lines": [157, 158, 159], "summary": {"covered_lines": 3, "num_statements": 3, "percent_covered": 100.0, "percent_covered_display": "100.0", "missing_lines": 0, "excluded_lines": 0, "percent_statements_covered": 100.0, "percent_statements_covered_display": "100.0"}, "missing_lines": [], "excluded_lines": [], "start_line": 155}, "is_venue_expected": {"executed_lines": [164, 165], "summary": {"covered_lines": 2, "num_statements": 2, "percent_covered": 100.0, "percent_covered_display": "100.0", "missing_lines": 0, "excluded_lines": 0, "percent_statements_covered": 100.0, "percent_statements_covered_display": "100.0"}, "missing_lines": [], "excluded_lines": [], "start_line": 162}, "get_expected_data_types_for_venue": {"executed_lines": [170, 171, 172, 173], "summary": {"covered_lines": 4, "num_statements": 4, "percent_covered": 100.0, "percent_covered_display": "100.0", "missing_lines": 0, "excluded_lines": 0, "percent_statements_covered": 100.0, "percent_statements_covered_display": "100.0"}, "missing_lines": [], "excluded_lines": [], "start_line": 168}, "get_expected_instrument_types_for_venue": {"executed_lines": [178, 179, 180, 181], "summary": {"covered_lines": 4, "num_statements": 4, "percent_covered": 100.0, "percent_covered_display": "100.0", "missing_lines": 0, "excluded_lines": 0, "percent_statements_covered": 100.0, "percent_statements_covered_display": "100.0"}, "missing_lines": [], "excluded_lines": [], "start_line": 176}, "get_data_type_start_date": {"executed_lines": [197, 198, 199, 201, 202, 203, 205, 207, 208, 209, 210], "summary": {"covered_lines": 11, "num_statements": 12, "percent_covered": 91.66666666666667, "percent_covered_display": "91.7", "missing_lines": 1, "excluded_lines": 0, "percent_statements_covered": 91.66666666666667, "percent_statements_covered_display": "91.7"}, "missing_lines": [211], "excluded_lines": [], "start_line": 184}, "is_data_type_available_for_venue": {"executed_lines": [225, 226, 227, 228, 229, 230, 232, 234], "summary": {"covered_lines": 8, "num_statements": 8, "percent_covered": 100.0, "percent_covered_display": "100.0", "missing_lines": 0, "excluded_lines": 0, "percent_statements_covered": 100.0, "percent_statements_covered_display": "100.0"}, "missing_lines": [], "excluded_lines": [], "start_line": 214}, "get_category_start_date": {"executed_lines": [239, 240, 241, 242], "summary": {"covered_lines": 4, "num_statements": 5, "percent_covered": 80.0, "percent_covered_display": "80.0", "missing_lines": 1, "excluded_lines": 0, "percent_statements_covered": 80.0, "percent_statements_covered_display": "80.0"}, "missing_lines": [243], "excluded_lines": [], "start_line": 237}, "get_venue_start_date": {"executed_lines": [252, 253, 254, 255, 256, 257, 258], "summary": {"covered_lines": 7, "num_statements": 8, "percent_covered": 87.5, "percent_covered_display": "87.5", "missing_lines": 1, "excluded_lines": 0, "percent_statements_covered": 87.5, "percent_statements_covered_display": "87.5"}, "missing_lines": [259], "excluded_lines": [], "start_line": 246}, "get_expected_dates_for_venue": {"executed_lines": [280, 281, 283, 284, 286, 289, 290, 292, 294], "summary": {"covered_lines": 9, "num_statements": 9, "percent_covered": 100.0, "percent_covered_display": "100.0", "missing_lines": 0, "excluded_lines": 0, "percent_statements_covered": 100.0, "percent_statements_covered_display": "100.0"}, "missing_lines": [], "excluded_lines": [], "start_line": 262}, "generate_date_range_and_year_months": {"executed_lines": [310, 311, 312, 313, 314, 315, 316, 317, 318, 319, 323, 324, 325, 326, 328], "summary": {"covered_lines": 15, "num_statements": 15, "percent_covered": 100.0, "percent_covered_display": "100.0", "missing_lines": 0, "excluded_lines": 0, "percent_statements_covered": 100.0, "percent_statements_covered_display": "100.0"}, "missing_lines": [], "excluded_lines": [], "start_line": 297}, "": {"executed_lines": [8, 9, 10, 12, 14, 16, 20, 23, 70, 135, 145, 155, 162, 168, 176, 184, 214, 237, 246, 262, 297], "summary": {"covered_lines": 21, "num_statements": 21, "percent_covered": 100.0, "percent_covered_display": "100.0", "missing_lines": 0, "excluded_lines": 0, "percent_statements_covered": 100.0, "percent_statements_covered_display": "100.0"}, "missing_lines": [], "excluded_lines": [], "start_line": 1}}, "classes": {"": {"executed_lines": [8, 9, 10, 12, 14, 16, 20, 23, 70, 135, 145, 155, 157, 158, 159, 162, 164, 165, 168, 170, 171, 172, 173, 176, 178, 179, 180, 181, 184, 197, 198, 199, 201, 202, 203, 205, 207, 208, 209, 210, 214, 225, 226, 227, 228, 229, 230, 232, 234, 237, 239, 240, 241, 242, 246, 252, 253, 254, 255, 256, 257, 258, 262, 280, 281, 283, 284, 286, 289, 290, 292, 294, 297, 310, 311, 312, 313, 314, 315, 316, 317, 318, 319, 323, 324, 325, 326, 328], "summary": {"covered_lines": 88, "num_statements": 103, "percent_covered": 85.4368932038835, "percent_covered_display": "85.4", "missing_lines": 15, "excluded_lines": 0, "percent_statements_covered": 85.4368932038835, "percent_statements_covered_display": "85.4"}, "missing_lines": [137, 138, 139, 140, 141, 142, 147, 148, 149, 150, 151, 152, 211, 243, 259], "excluded_lines": [], "start_line": 1}}}, "deployment_api/routes/batch_query_engine.py": {"executed_lines": [8, 9, 10, 12, 13, 15, 20, 23, 44, 45, 46, 50, 51, 59, 60, 61, 73, 74, 75, 77, 78, 80, 81, 82, 83, 84, 89, 90, 91, 92, 93, 94, 95, 99, 100, 101, 102, 103, 106, 107, 108, 113, 115, 122, 123, 124, 125, 126, 130, 137, 138, 147, 148, 149, 150, 151, 152, 154, 155, 156, 157, 158, 161, 162, 163, 166, 167, 168, 171, 172, 173, 176, 177, 178, 179, 180, 183, 184, 185, 186, 187, 190, 192, 193, 194, 197, 198, 199, 200, 201, 205, 214, 223, 239, 264, 265, 266, 268, 271, 272, 273, 279, 280, 282, 283, 284, 297, 298, 299, 300, 302, 308, 309, 310, 311, 312, 316, 317, 322, 331, 332, 333, 334, 335, 337, 338, 339, 340, 341, 344, 345, 346, 347, 350, 351, 352, 353, 357, 358, 367, 375, 388, 395, 396, 397, 399], "summary": {"covered_lines": 146, "num_statements": 170, "percent_covered": 85.88235294117646, "percent_covered_display": "85.9", "missing_lines": 24, "excluded_lines": 0, "percent_statements_covered": 85.88235294117646, "percent_statements_covered_display": "85.9"}, "missing_lines": [85, 86, 87, 131, 132, 133, 134, 206, 207, 208, 209, 210, 211, 212, 318, 319, 320, 359, 360, 361, 362, 363, 364, 365], "excluded_lines": [], "functions": {"query_specific_prefixes_for_category": {"executed_lines": [44, 45, 46, 50, 51, 59, 60, 61, 73, 74, 75, 77, 78, 80, 81, 82, 83, 84, 89, 90, 91, 92, 93, 94, 95, 99, 100, 101, 102, 103, 106, 107, 108, 113, 115, 137, 138, 147, 148, 149, 150, 151, 152, 154, 155, 156, 157, 158, 161, 162, 163, 166, 167, 168, 171, 172, 173, 176, 177, 178, 179, 180, 183, 184, 185, 186, 187, 190, 192, 193, 194, 197, 198, 199, 200, 201, 205, 214, 223], "summary": {"covered_lines": 79, "num_statements": 89, "percent_covered": 88.76404494382022, "percent_covered_display": "88.8", "missing_lines": 10, "excluded_lines": 0, "percent_statements_covered": 88.76404494382022, "percent_statements_covered_display": "88.8"}, "missing_lines": [85, 86, 87, 206, 207, 208, 209, 210, 211, 212], "excluded_lines": [], "start_line": 23}, "query_specific_prefixes_for_category.check_prefix": {"executed_lines": [122, 123, 124, 125, 126, 130], "summary": {"covered_lines": 6, "num_statements": 10, "percent_covered": 60.0, "percent_covered_display": "60.0", "missing_lines": 4, "excluded_lines": 0, "percent_statements_covered": 60.0, "percent_statements_covered_display": "60.0"}, "missing_lines": [131, 132, 133, 134], "excluded_lines": [], "start_line": 115}, "query_generic_prefixes_for_category": {"executed_lines": [264, 265, 266, 268, 271, 272, 273, 279, 280, 282, 283, 284, 297, 298, 299, 300, 302, 322, 331, 332, 333, 334, 335, 337, 338, 339, 340, 341, 344, 345, 346, 347, 350, 351, 352, 353, 357, 358, 367, 375], "summary": {"covered_lines": 40, "num_statements": 47, "percent_covered": 85.1063829787234, "percent_covered_display": "85.1", "missing_lines": 7, "excluded_lines": 0, "percent_statements_covered": 85.1063829787234, "percent_statements_covered_display": "85.1"}, "missing_lines": [359, 360, 361, 362, 363, 364, 365], "excluded_lines": [], "start_line": 239}, "query_generic_prefixes_for_category.check_prefix_generic": {"executed_lines": [308, 309, 310, 311, 312, 316, 317], "summary": {"covered_lines": 7, "num_statements": 10, "percent_covered": 70.0, "percent_covered_display": "70.0", "missing_lines": 3, "excluded_lines": 0, "percent_statements_covered": 70.0, "percent_statements_covered_display": "70.0"}, "missing_lines": [318, 319, 320], "excluded_lines": [], "start_line": 302}, "get_expected_dates_for_category": {"executed_lines": [395, 396, 397, 399], "summary": {"covered_lines": 4, "num_statements": 4, "percent_covered": 100.0, "percent_covered_display": "100.0", "missing_lines": 0, "excluded_lines": 0, "percent_statements_covered": 100.0, "percent_statements_covered_display": "100.0"}, "missing_lines": [], "excluded_lines": [], "start_line": 388}, "": {"executed_lines": [8, 9, 10, 12, 13, 15, 20, 23, 239, 388], "summary": {"covered_lines": 10, "num_statements": 10, "percent_covered": 100.0, "percent_covered_display": "100.0", "missing_lines": 0, "excluded_lines": 0, "percent_statements_covered": 100.0, "percent_statements_covered_display": "100.0"}, "missing_lines": [], "excluded_lines": [], "start_line": 1}}, "classes": {"": {"executed_lines": [8, 9, 10, 12, 13, 15, 20, 23, 44, 45, 46, 50, 51, 59, 60, 61, 73, 74, 75, 77, 78, 80, 81, 82, 83, 84, 89, 90, 91, 92, 93, 94, 95, 99, 100, 101, 102, 103, 106, 107, 108, 113, 115, 122, 123, 124, 125, 126, 130, 137, 138, 147, 148, 149, 150, 151, 152, 154, 155, 156, 157, 158, 161, 162, 163, 166, 167, 168, 171, 172, 173, 176, 177, 178, 179, 180, 183, 184, 185, 186, 187, 190, 192, 193, 194, 197, 198, 199, 200, 201, 205, 214, 223, 239, 264, 265, 266, 268, 271, 272, 273, 279, 280, 282, 283, 284, 297, 298, 299, 300, 302, 308, 309, 310, 311, 312, 316, 317, 322, 331, 332, 333, 334, 335, 337, 338, 339, 340, 341, 344, 345, 346, 347, 350, 351, 352, 353, 357, 358, 367, 375, 388, 395, 396, 397, 399], "summary": {"covered_lines": 146, "num_statements": 170, "percent_covered": 85.88235294117646, "percent_covered_display": "85.9", "missing_lines": 24, "excluded_lines": 0, "percent_statements_covered": 85.88235294117646, "percent_statements_covered_display": "85.9"}, "missing_lines": [85, 86, 87, 131, 132, 133, 134, 206, 207, 208, 209, 210, 211, 212, 318, 319, 320, 359, 360, 361, 362, 363, 364, 365], "excluded_lines": [], "start_line": 1}}}, "deployment_api/routes/batch_result_processor.py": {"executed_lines": [8, 10, 12, 15, 25, 26, 28, 29, 30, 31, 32, 33, 34, 35, 37, 38, 45, 48, 67, 68, 69, 70, 72, 73, 74, 75, 76, 77, 78, 80, 81, 85, 92, 96, 100, 101, 102, 106, 107, 108, 113, 114, 115, 116, 119, 135, 136, 137, 138, 139, 141, 144, 162, 163, 164, 165, 166, 168, 172, 173, 174, 175, 176, 179, 186, 190, 191, 195, 196, 197, 200, 212, 213, 214, 215, 216, 219, 247, 248, 250, 253, 254, 256, 276, 277, 279], "summary": {"covered_lines": 86, "num_statements": 94, "percent_covered": 91.48936170212765, "percent_covered_display": "91.5", "missing_lines": 8, "excluded_lines": 0, "percent_statements_covered": 91.48936170212765, "percent_statements_covered_display": "91.5"}, "missing_lines": [120, 128, 129, 130, 131, 198, 201, 209], "excluded_lines": [], "functions": {"calculate_overall_file_counts": {"executed_lines": [25, 26, 28, 29, 30, 31, 32, 33, 34, 35, 37, 38, 45], "summary": {"covered_lines": 13, "num_statements": 13, "percent_covered": 100.0, "percent_covered_display": "100.0", "missing_lines": 0, "excluded_lines": 0, "percent_statements_covered": 100.0, "percent_statements_covered_display": "100.0"}, "missing_lines": [], "excluded_lines": [], "start_line": 15}, "calculate_venue_weighted_totals": {"executed_lines": [67, 68, 69, 70, 72, 73, 74, 75, 76, 77, 78, 80, 81, 85, 92, 96, 100, 101, 102, 106, 107, 108, 113, 114, 115, 116, 119, 135, 136, 137, 138, 139, 141], "summary": {"covered_lines": 33, "num_statements": 38, "percent_covered": 86.84210526315789, "percent_covered_display": "86.8", "missing_lines": 5, "excluded_lines": 0, "percent_statements_covered": 86.84210526315789, "percent_statements_covered_display": "86.8"}, "missing_lines": [120, 128, 129, 130, 131], "excluded_lines": [], "start_line": 48}, "update_category_completion_percentages": {"executed_lines": [162, 163, 164, 165, 166, 168, 172, 173, 174, 175, 176, 179, 186, 190, 191, 195, 196, 197, 200, 212, 213, 214, 215, 216], "summary": {"covered_lines": 24, "num_statements": 27, "percent_covered": 88.88888888888889, "percent_covered_display": "88.9", "missing_lines": 3, "excluded_lines": 0, "percent_statements_covered": 88.88888888888889, "percent_statements_covered_display": "88.9"}, "missing_lines": [198, 201, 209], "excluded_lines": [], "start_line": 144}, "build_final_response": {"executed_lines": [247, 248, 250, 253, 254, 256, 276, 277, 279], "summary": {"covered_lines": 9, "num_statements": 9, "percent_covered": 100.0, "percent_covered_display": "100.0", "missing_lines": 0, "excluded_lines": 0, "percent_statements_covered": 100.0, "percent_statements_covered_display": "100.0"}, "missing_lines": [], "excluded_lines": [], "start_line": 219}, "": {"executed_lines": [8, 10, 12, 15, 48, 144, 219], "summary": {"covered_lines": 7, "num_statements": 7, "percent_covered": 100.0, "percent_covered_display": "100.0", "missing_lines": 0, "excluded_lines": 0, "percent_statements_covered": 100.0, "percent_statements_covered_display": "100.0"}, "missing_lines": [], "excluded_lines": [], "start_line": 1}}, "classes": {"": {"executed_lines": [8, 10, 12, 15, 25, 26, 28, 29, 30, 31, 32, 33, 34, 35, 37, 38, 45, 48, 67, 68, 69, 70, 72, 73, 74, 75, 76, 77, 78, 80, 81, 85, 92, 96, 100, 101, 102, 106, 107, 108, 113, 114, 115, 116, 119, 135, 136, 137, 138, 139, 141, 144, 162, 163, 164, 165, 166, 168, 172, 173, 174, 175, 176, 179, 186, 190, 191, 195, 196, 197, 200, 212, 213, 214, 215, 216, 219, 247, 248, 250, 253, 254, 256, 276, 277, 279], "summary": {"covered_lines": 86, "num_statements": 94, "percent_covered": 91.48936170212765, "percent_covered_display": "91.5", "missing_lines": 8, "excluded_lines": 0, "percent_statements_covered": 91.48936170212765, "percent_statements_covered_display": "91.5"}, "missing_lines": [120, 128, 129, 130, 131, 198, 201, 209], "excluded_lines": [], "start_line": 1}}}, "deployment_api/routes/capabilities.py": {"executed_lines": [3, 4, 6, 7, 9, 11, 14, 15, 25, 26], "summary": {"covered_lines": 10, "num_statements": 25, "percent_covered": 40.0, "percent_covered_display": "40.0", "missing_lines": 15, "excluded_lines": 0, "percent_statements_covered": 40.0, "percent_statements_covered_display": "40.0"}, "missing_lines": [22, 46, 48, 49, 51, 52, 53, 56, 57, 58, 59, 60, 63, 65, 66], "excluded_lines": [], "functions": {"get_capabilities": {"executed_lines": [], "summary": {"covered_lines": 0, "num_statements": 1, "percent_covered": 0.0, "percent_covered_display": "0.0", "missing_lines": 1, "excluded_lines": 0, "percent_statements_covered": 0.0, "percent_statements_covered_display": "0.0"}, "missing_lines": [22], "excluded_lines": [], "start_line": 15}, "get_service_categories": {"executed_lines": [], "summary": {"covered_lines": 0, "num_statements": 14, "percent_covered": 0.0, "percent_covered_display": "0.0", "missing_lines": 14, "excluded_lines": 0, "percent_statements_covered": 0.0, "percent_statements_covered_display": "0.0"}, "missing_lines": [46, 48, 49, 51, 52, 53, 56, 57, 58, 59, 60, 63, 65, 66], "excluded_lines": [], "start_line": 26}, "": {"executed_lines": [3, 4, 6, 7, 9, 11, 14, 15, 25, 26], "summary": {"covered_lines": 10, "num_statements": 10, "percent_covered": 100.0, "percent_covered_display": "100.0", "missing_lines": 0, "excluded_lines": 0, "percent_statements_covered": 100.0, "percent_statements_covered_display": "100.0"}, "missing_lines": [], "excluded_lines": [], "start_line": 1}}, "classes": {"": {"executed_lines": [3, 4, 6, 7, 9, 11, 14, 15, 25, 26], "summary": {"covered_lines": 10, "num_statements": 25, "percent_covered": 40.0, "percent_covered_display": "40.0", "missing_lines": 15, "excluded_lines": 0, "percent_statements_covered": 40.0, "percent_statements_covered_display": "40.0"}, "missing_lines": [22, 46, 48, 49, 51, 52, 53, 56, 57, 58, 59, 60, 63, 65, 66], "excluded_lines": [], "start_line": 1}}}, "deployment_api/routes/checklist.py": {"executed_lines": [8, 9, 10, 11, 12, 14, 15, 17, 19, 22, 24, 27, 29, 31, 32, 34, 35, 38, 44, 46, 49, 63, 64, 66, 67, 68, 71, 72, 74, 75, 76, 77, 79, 80, 81, 83, 84, 87, 88, 89, 90, 91, 93, 102, 103, 104, 106, 107, 108, 109, 112, 113, 122, 124, 136, 137, 138, 139, 140, 143, 144, 146, 147, 149, 151, 165, 167, 169, 170, 171, 172, 173, 174, 176, 179, 180, 212, 213, 276, 277], "summary": {"covered_lines": 80, "num_statements": 129, "percent_covered": 62.01550387596899, "percent_covered_display": "62.0", "missing_lines": 49, "excluded_lines": 0, "percent_statements_covered": 62.01550387596899, "percent_statements_covered_display": "62.0"}, "missing_lines": [85, 192, 194, 195, 196, 198, 199, 200, 201, 202, 207, 208, 209, 226, 228, 229, 230, 232, 233, 234, 239, 243, 245, 256, 257, 258, 259, 261, 271, 272, 273, 284, 286, 287, 290, 292, 293, 298, 301, 303, 304, 305, 307, 318, 319, 328, 330, 332, 333], "excluded_lines": [], "functions": {"_get_checklist_path": {"executed_lines": [24], "summary": {"covered_lines": 1, "num_statements": 1, "percent_covered": 100.0, "percent_covered_display": "100.0", "missing_lines": 0, "excluded_lines": 0, "percent_statements_covered": 100.0, "percent_statements_covered_display": "100.0"}, "missing_lines": [], "excluded_lines": [], "start_line": 22}, "_load_checklist_yaml": {"executed_lines": [29, 31, 32, 34, 35], "summary": {"covered_lines": 5, "num_statements": 5, "percent_covered": 100.0, "percent_covered_display": "100.0", "missing_lines": 0, "excluded_lines": 0, "percent_statements_covered": 100.0, "percent_statements_covered_display": "100.0"}, "missing_lines": [], "excluded_lines": [], "start_line": 27}, "_format_phase_name": {"executed_lines": [44, 46], "summary": {"covered_lines": 2, "num_statements": 2, "percent_covered": 100.0, "percent_covered_display": "100.0", "missing_lines": 0, "excluded_lines": 0, "percent_statements_covered": 100.0, "percent_statements_covered_display": "100.0"}, "missing_lines": [], "excluded_lines": [], "start_line": 38}, "_parse_checklist": {"executed_lines": [63, 64, 66, 67, 68, 71, 72, 74, 75, 76, 77, 79, 80, 81, 83, 84, 87, 88, 89, 90, 91, 93, 102, 103, 104, 106, 107, 108, 109, 112, 113, 122, 124, 136, 137, 138, 139, 140, 143, 144, 146, 147, 149, 151], "summary": {"covered_lines": 44, "num_statements": 45, "percent_covered": 97.77777777777777, "percent_covered_display": "97.8", "missing_lines": 1, "excluded_lines": 0, "percent_statements_covered": 97.77777777777777, "percent_statements_covered_display": "97.8"}, "missing_lines": [85], "excluded_lines": [], "start_line": 49}, "_get_warnings": {"executed_lines": [167, 169, 170, 171, 172, 173, 174, 176], "summary": {"covered_lines": 8, "num_statements": 8, "percent_covered": 100.0, "percent_covered_display": "100.0", "missing_lines": 0, "excluded_lines": 0, "percent_statements_covered": 100.0, "percent_statements_covered_display": "100.0"}, "missing_lines": [], "excluded_lines": [], "start_line": 165}, "get_service_checklist": {"executed_lines": [], "summary": {"covered_lines": 0, "num_statements": 10, "percent_covered": 0.0, "percent_covered_display": "0.0", "missing_lines": 10, "excluded_lines": 0, "percent_statements_covered": 0.0, "percent_statements_covered_display": "0.0"}, "missing_lines": [192, 194, 198, 199, 200, 201, 202, 207, 208, 209], "excluded_lines": [], "start_line": 180}, "get_service_checklist._load_sync": {"executed_lines": [], "summary": {"covered_lines": 0, "num_statements": 2, "percent_covered": 0.0, "percent_covered_display": "0.0", "missing_lines": 2, "excluded_lines": 0, "percent_statements_covered": 0.0, "percent_statements_covered_display": "0.0"}, "missing_lines": [195, 196], "excluded_lines": [], "start_line": 194}, "validate_service_checklist": {"executed_lines": [], "summary": {"covered_lines": 0, "num_statements": 10, "percent_covered": 0.0, "percent_covered_display": "0.0", "missing_lines": 10, "excluded_lines": 0, "percent_statements_covered": 0.0, "percent_statements_covered_display": "0.0"}, "missing_lines": [226, 228, 256, 257, 258, 259, 261, 271, 272, 273], "excluded_lines": [], "start_line": 213}, "validate_service_checklist._validate_sync": {"executed_lines": [], "summary": {"covered_lines": 0, "num_statements": 8, "percent_covered": 0.0, "percent_covered_display": "0.0", "missing_lines": 8, "excluded_lines": 0, "percent_statements_covered": 0.0, "percent_statements_covered_display": "0.0"}, "missing_lines": [229, 230, 232, 233, 234, 239, 243, 245], "excluded_lines": [], "start_line": 228}, "list_checklists": {"executed_lines": [], "summary": {"covered_lines": 0, "num_statements": 4, "percent_covered": 0.0, "percent_covered_display": "0.0", "missing_lines": 4, "excluded_lines": 0, "percent_statements_covered": 0.0, "percent_statements_covered_display": "0.0"}, "missing_lines": [284, 286, 332, 333], "excluded_lines": [], "start_line": 277}, "list_checklists._list_sync": {"executed_lines": [], "summary": {"covered_lines": 0, "num_statements": 14, "percent_covered": 0.0, "percent_covered_display": "0.0", "missing_lines": 14, "excluded_lines": 0, "percent_statements_covered": 0.0, "percent_statements_covered_display": "0.0"}, "missing_lines": [287, 290, 292, 293, 298, 301, 303, 304, 305, 307, 318, 319, 328, 330], "excluded_lines": [], "start_line": 286}, "": {"executed_lines": [8, 9, 10, 11, 12, 14, 15, 17, 19, 22, 27, 38, 49, 165, 179, 180, 212, 213, 276, 277], "summary": {"covered_lines": 20, "num_statements": 20, "percent_covered": 100.0, "percent_covered_display": "100.0", "missing_lines": 0, "excluded_lines": 0, "percent_statements_covered": 100.0, "percent_statements_covered_display": "100.0"}, "missing_lines": [], "excluded_lines": [], "start_line": 1}}, "classes": {"": {"executed_lines": [8, 9, 10, 11, 12, 14, 15, 17, 19, 22, 24, 27, 29, 31, 32, 34, 35, 38, 44, 46, 49, 63, 64, 66, 67, 68, 71, 72, 74, 75, 76, 77, 79, 80, 81, 83, 84, 87, 88, 89, 90, 91, 93, 102, 103, 104, 106, 107, 108, 109, 112, 113, 122, 124, 136, 137, 138, 139, 140, 143, 144, 146, 147, 149, 151, 165, 167, 169, 170, 171, 172, 173, 174, 176, 179, 180, 212, 213, 276, 277], "summary": {"covered_lines": 80, "num_statements": 129, "percent_covered": 62.01550387596899, "percent_covered_display": "62.0", "missing_lines": 49, "excluded_lines": 0, "percent_statements_covered": 62.01550387596899, "percent_statements_covered_display": "62.0"}, "missing_lines": [85, 192, 194, 195, 196, 198, 199, 200, 201, 202, 207, 208, 209, 226, 228, 229, 230, 232, 233, 234, 239, 243, 245, 256, 257, 258, 259, 261, 271, 272, 273, 284, 286, 287, 290, 292, 293, 298, 301, 303, 304, 305, 307, 318, 319, 328, 330, 332, 333], "excluded_lines": [], "start_line": 1}}}, "deployment_api/routes/cloud_builds.py": {"executed_lines": [10, 12, 13, 14, 15, 16, 17, 18, 19, 20, 22, 23, 24, 26, 31, 32, 33, 38, 41, 48, 55, 64, 67, 68, 69, 70, 71, 72, 73, 74, 77, 80, 81, 82, 83, 84, 85, 86, 87, 88, 91, 94, 95, 96, 97, 100, 103, 104, 105, 106, 109, 112, 113, 114, 115, 116, 119, 122, 123, 124, 125, 126, 127, 128, 129, 130, 133, 136, 137, 138, 139, 140, 141, 142, 145, 148, 149, 150, 151, 154, 157, 158, 159, 162, 165, 166, 167, 170, 173, 196, 204, 209, 212, 215, 216, 219, 222, 223, 224, 225, 226, 227, 230, 233, 234, 235, 236, 237, 238, 239, 242, 245, 246, 247, 248, 249, 250, 251, 252, 255, 257, 272, 273, 274, 277, 280, 281, 282, 283, 284, 287, 289, 290, 291, 294, 295, 410, 466, 467, 666, 667, 728, 729, 804, 805], "summary": {"covered_lines": 145, "num_statements": 398, "percent_covered": 36.4321608040201, "percent_covered_display": "36.4", "missing_lines": 253, "excluded_lines": 2, "percent_statements_covered": 36.4321608040201, "percent_statements_covered_display": "36.4"}, "missing_lines": [43, 45, 50, 52, 57, 58, 305, 306, 308, 309, 310, 311, 312, 314, 319, 322, 325, 326, 328, 329, 331, 332, 333, 334, 335, 337, 339, 340, 341, 342, 343, 345, 347, 348, 349, 350, 351, 353, 354, 357, 358, 359, 360, 361, 362, 363, 364, 365, 367, 368, 369, 370, 371, 373, 386, 388, 391, 394, 395, 397, 404, 419, 420, 422, 424, 426, 427, 428, 434, 435, 436, 437, 439, 440, 441, 442, 445, 446, 447, 448, 449, 450, 451, 452, 453, 454, 455, 457, 459, 461, 462, 463, 475, 476, 483, 485, 487, 489, 490, 491, 494, 495, 496, 497, 498, 499, 501, 506, 507, 508, 509, 515, 516, 517, 522, 524, 525, 526, 529, 530, 531, 534, 537, 539, 542, 550, 552, 553, 554, 557, 558, 562, 563, 564, 565, 566, 567, 568, 569, 570, 573, 574, 576, 577, 578, 580, 581, 582, 583, 584, 585, 589, 597, 601, 602, 603, 604, 606, 607, 609, 611, 612, 613, 614, 615, 616, 617, 618, 620, 621, 624, 625, 631, 632, 634, 636, 645, 646, 649, 650, 657, 658, 673, 674, 679, 681, 683, 684, 685, 686, 689, 691, 693, 696, 697, 698, 700, 701, 704, 710, 712, 714, 716, 723, 724, 725, 739, 740, 745, 757, 758, 759, 760, 761, 762, 763, 764, 765, 768, 769, 770, 771, 772, 775, 776, 777, 780, 781, 782, 783, 790, 791, 794, 795, 796, 801, 811, 812, 814, 815, 816, 817, 819, 820, 821, 832, 833, 834, 835, 845, 846, 847, 854], "excluded_lines": [35, 36], "functions": {"_cloudbuild_v1": {"executed_lines": [], "summary": {"covered_lines": 0, "num_statements": 2, "percent_covered": 0.0, "percent_covered_display": "0.0", "missing_lines": 2, "excluded_lines": 0, "percent_statements_covered": 0.0, "percent_statements_covered_display": "0.0"}, "missing_lines": [43, 45], "excluded_lines": [], "start_line": 41}, "_build_op_meta_cls": {"executed_lines": [], "summary": {"covered_lines": 0, "num_statements": 2, "percent_covered": 0.0, "percent_covered_display": "0.0", "missing_lines": 2, "excluded_lines": 0, "percent_statements_covered": 0.0, "percent_statements_covered_display": "0.0"}, "missing_lines": [50, 52], "excluded_lines": [], "start_line": 48}, "_ensure_gcp": {"executed_lines": [], "summary": {"covered_lines": 0, "num_statements": 2, "percent_covered": 0.0, "percent_covered_display": "0.0", "missing_lines": 2, "excluded_lines": 0, "percent_statements_covered": 0.0, "percent_statements_covered_display": "0.0"}, "missing_lines": [57, 58], "excluded_lines": [], "start_line": 55}, "_format_build_info": {"executed_lines": [257], "summary": {"covered_lines": 1, "num_statements": 1, "percent_covered": 100.0, "percent_covered_display": "100.0", "missing_lines": 0, "excluded_lines": 0, "percent_statements_covered": 100.0, "percent_statements_covered_display": "100.0"}, "missing_lines": [], "excluded_lines": [], "start_line": 255}, "_populate_trigger_cache": {"executed_lines": [280, 281, 282, 283, 284], "summary": {"covered_lines": 5, "num_statements": 5, "percent_covered": 100.0, "percent_covered_display": "100.0", "missing_lines": 0, "excluded_lines": 0, "percent_statements_covered": 100.0, "percent_statements_covered_display": "100.0"}, "missing_lines": [], "excluded_lines": [], "start_line": 277}, "_get_cached_trigger_id": {"executed_lines": [289, 290, 291], "summary": {"covered_lines": 3, "num_statements": 3, "percent_covered": 100.0, "percent_covered_display": "100.0", "missing_lines": 0, "excluded_lines": 0, "percent_statements_covered": 100.0, "percent_statements_covered_display": "100.0"}, "missing_lines": [], "excluded_lines": [], "start_line": 287}, "list_triggers": {"executed_lines": [], "summary": {"covered_lines": 0, "num_statements": 4, "percent_covered": 0.0, "percent_covered_display": "0.0", "missing_lines": 4, "excluded_lines": 0, "percent_statements_covered": 0.0, "percent_statements_covered_display": "0.0"}, "missing_lines": [305, 306, 308, 404], "excluded_lines": [], "start_line": 295}, "list_triggers.fetch_triggers": {"executed_lines": [], "summary": {"covered_lines": 0, "num_statements": 6, "percent_covered": 0.0, "percent_covered_display": "0.0", "missing_lines": 6, "excluded_lines": 0, "percent_statements_covered": 0.0, "percent_statements_covered_display": "0.0"}, "missing_lines": [309, 388, 391, 394, 395, 397], "excluded_lines": [], "start_line": 308}, "list_triggers.fetch_triggers._list_triggers_sync": {"executed_lines": [], "summary": {"covered_lines": 0, "num_statements": 45, "percent_covered": 0.0, "percent_covered_display": "0.0", "missing_lines": 45, "excluded_lines": 0, "percent_statements_covered": 0.0, "percent_statements_covered_display": "0.0"}, "missing_lines": [310, 311, 312, 314, 319, 322, 325, 326, 328, 329, 331, 332, 333, 334, 335, 337, 339, 340, 341, 342, 343, 345, 347, 348, 349, 350, 351, 353, 354, 357, 358, 359, 360, 361, 362, 363, 364, 365, 367, 368, 369, 370, 371, 373, 386], "excluded_lines": [], "start_line": 309}, "_get_recent_builds_for_triggers": {"executed_lines": [], "summary": {"covered_lines": 0, "num_statements": 9, "percent_covered": 0.0, "percent_covered_display": "0.0", "missing_lines": 9, "excluded_lines": 0, "percent_statements_covered": 0.0, "percent_statements_covered_display": "0.0"}, "missing_lines": [419, 420, 422, 424, 439, 459, 461, 462, 463], "excluded_lines": [], "start_line": 410}, "_get_recent_builds_for_triggers._fetch_latest_build": {"executed_lines": [], "summary": {"covered_lines": 0, "num_statements": 7, "percent_covered": 0.0, "percent_covered_display": "0.0", "missing_lines": 7, "excluded_lines": 0, "percent_statements_covered": 0.0, "percent_statements_covered_display": "0.0"}, "missing_lines": [426, 427, 428, 434, 435, 436, 437], "excluded_lines": [], "start_line": 424}, "_get_recent_builds_for_triggers._fetch_all_sync": {"executed_lines": [], "summary": {"covered_lines": 0, "num_statements": 15, "percent_covered": 0.0, "percent_covered_display": "0.0", "missing_lines": 15, "excluded_lines": 0, "percent_statements_covered": 0.0, "percent_statements_covered_display": "0.0"}, "missing_lines": [440, 441, 442, 445, 446, 447, 448, 449, 450, 451, 452, 453, 454, 455, 457], "excluded_lines": [], "start_line": 439}, "trigger_build": {"executed_lines": [], "summary": {"covered_lines": 0, "num_statements": 37, "percent_covered": 0.0, "percent_covered_display": "0.0", "missing_lines": 37, "excluded_lines": 0, "percent_statements_covered": 0.0, "percent_statements_covered_display": "0.0"}, "missing_lines": [475, 476, 483, 485, 487, 501, 524, 597, 601, 602, 603, 604, 606, 607, 609, 611, 612, 613, 614, 615, 616, 617, 618, 620, 621, 624, 625, 631, 632, 634, 636, 645, 646, 649, 650, 657, 658], "excluded_lines": [], "start_line": 467}, "trigger_build._get_trigger_id": {"executed_lines": [], "summary": {"covered_lines": 0, "num_statements": 9, "percent_covered": 0.0, "percent_covered_display": "0.0", "missing_lines": 9, "excluded_lines": 0, "percent_statements_covered": 0.0, "percent_statements_covered_display": "0.0"}, "missing_lines": [489, 490, 491, 494, 495, 496, 497, 498, 499], "excluded_lines": [], "start_line": 487}, "trigger_build._find_recent_build": {"executed_lines": [], "summary": {"covered_lines": 0, "num_statements": 8, "percent_covered": 0.0, "percent_covered_display": "0.0", "missing_lines": 8, "excluded_lines": 0, "percent_statements_covered": 0.0, "percent_statements_covered_display": "0.0"}, "missing_lines": [506, 507, 508, 509, 515, 516, 517, 522], "excluded_lines": [], "start_line": 501}, "trigger_build._run_trigger_sync": {"executed_lines": [], "summary": {"covered_lines": 0, "num_statements": 36, "percent_covered": 0.0, "percent_covered_display": "0.0", "missing_lines": 36, "excluded_lines": 0, "percent_statements_covered": 0.0, "percent_statements_covered_display": "0.0"}, "missing_lines": [525, 526, 529, 530, 531, 534, 537, 539, 542, 550, 552, 553, 554, 557, 558, 562, 563, 564, 565, 566, 567, 568, 569, 570, 573, 574, 576, 577, 578, 580, 581, 582, 583, 584, 585, 589], "excluded_lines": [], "start_line": 524}, "get_build_history": {"executed_lines": [], "summary": {"covered_lines": 0, "num_statements": 10, "percent_covered": 0.0, "percent_covered_display": "0.0", "missing_lines": 10, "excluded_lines": 0, "percent_statements_covered": 0.0, "percent_statements_covered_display": "0.0"}, "missing_lines": [673, 674, 679, 681, 683, 714, 716, 723, 724, 725], "excluded_lines": [], "start_line": 667}, "get_build_history._get_history_sync": {"executed_lines": [], "summary": {"covered_lines": 0, "num_statements": 14, "percent_covered": 0.0, "percent_covered_display": "0.0", "missing_lines": 14, "excluded_lines": 0, "percent_statements_covered": 0.0, "percent_statements_covered_display": "0.0"}, "missing_lines": [684, 685, 686, 689, 691, 693, 696, 697, 698, 700, 701, 704, 710, 712], "excluded_lines": [], "start_line": 683}, "get_library_status": {"executed_lines": [], "summary": {"covered_lines": 0, "num_statements": 30, "percent_covered": 0.0, "percent_covered_display": "0.0", "missing_lines": 30, "excluded_lines": 0, "percent_statements_covered": 0.0, "percent_statements_covered_display": "0.0"}, "missing_lines": [739, 740, 745, 757, 758, 759, 760, 761, 762, 763, 764, 765, 768, 769, 770, 771, 772, 775, 776, 777, 780, 781, 782, 783, 790, 791, 794, 795, 796, 801], "excluded_lines": [], "start_line": 729}, "check_dependencies": {"executed_lines": [], "summary": {"covered_lines": 0, "num_statements": 17, "percent_covered": 0.0, "percent_covered_display": "0.0", "missing_lines": 17, "excluded_lines": 0, "percent_statements_covered": 0.0, "percent_statements_covered_display": "0.0"}, "missing_lines": [811, 812, 814, 815, 816, 817, 819, 820, 821, 832, 833, 834, 835, 845, 846, 847, 854], "excluded_lines": [], "start_line": 805}, "": {"executed_lines": [10, 12, 13, 14, 15, 16, 17, 18, 19, 20, 22, 23, 24, 26, 31, 32, 33, 38, 41, 48, 55, 64, 67, 68, 69, 70, 71, 72, 73, 74, 77, 80, 81, 82, 83, 84, 85, 86, 87, 88, 91, 94, 95, 96, 97, 100, 103, 104, 105, 106, 109, 112, 113, 114, 115, 116, 119, 122, 123, 124, 125, 126, 127, 128, 129, 130, 133, 136, 137, 138, 139, 140, 141, 142, 145, 148, 149, 150, 151, 154, 157, 158, 159, 162, 165, 166, 167, 170, 173, 196, 204, 209, 212, 215, 216, 219, 222, 223, 224, 225, 226, 227, 230, 233, 234, 235, 236, 237, 238, 239, 242, 245, 246, 247, 248, 249, 250, 251, 252, 255, 272, 273, 274, 277, 287, 294, 295, 410, 466, 467, 666, 667, 728, 729, 804, 805], "summary": {"covered_lines": 136, "num_statements": 136, "percent_covered": 100.0, "percent_covered_display": "100.0", "missing_lines": 0, "excluded_lines": 2, "percent_statements_covered": 100.0, "percent_statements_covered_display": "100.0"}, "missing_lines": [], "excluded_lines": [35, 36], "start_line": 1}}, "classes": {"BuildInfoDict": {"executed_lines": [], "summary": {"covered_lines": 0, "num_statements": 0, "percent_covered": 100.0, "percent_covered_display": "100.0", "missing_lines": 0, "excluded_lines": 0, "percent_statements_covered": 100.0, "percent_statements_covered_display": "100.0"}, "missing_lines": [], "excluded_lines": [], "start_line": 64}, "TriggerDict": {"executed_lines": [], "summary": {"covered_lines": 0, "num_statements": 0, "percent_covered": 100.0, "percent_covered_display": "100.0", "missing_lines": 0, "excluded_lines": 0, "percent_statements_covered": 100.0, "percent_statements_covered_display": "100.0"}, "missing_lines": [], "excluded_lines": [], "start_line": 77}, "TriggersResponseDict": {"executed_lines": [], "summary": {"covered_lines": 0, "num_statements": 0, "percent_covered": 100.0, "percent_covered_display": "100.0", "missing_lines": 0, "excluded_lines": 0, "percent_statements_covered": 100.0, "percent_statements_covered_display": "100.0"}, "missing_lines": [], "excluded_lines": [], "start_line": 91}, "BuildHistoryResponseDict": {"executed_lines": [], "summary": {"covered_lines": 0, "num_statements": 0, "percent_covered": 100.0, "percent_covered_display": "100.0", "missing_lines": 0, "excluded_lines": 0, "percent_statements_covered": 100.0, "percent_statements_covered_display": "100.0"}, "missing_lines": [], "excluded_lines": [], "start_line": 100}, "QualityGatesStatusDict": {"executed_lines": [], "summary": {"covered_lines": 0, "num_statements": 0, "percent_covered": 100.0, "percent_covered_display": "100.0", "missing_lines": 0, "excluded_lines": 0, "percent_statements_covered": 100.0, "percent_statements_covered_display": "100.0"}, "missing_lines": [], "excluded_lines": [], "start_line": 109}, "LibraryStatusDict": {"executed_lines": [], "summary": {"covered_lines": 0, "num_statements": 0, "percent_covered": 100.0, "percent_covered_display": "100.0", "missing_lines": 0, "excluded_lines": 0, "percent_statements_covered": 100.0, "percent_statements_covered_display": "100.0"}, "missing_lines": [], "excluded_lines": [], "start_line": 119}, "DependencyIssueDict": {"executed_lines": [], "summary": {"covered_lines": 0, "num_statements": 0, "percent_covered": 100.0, "percent_covered_display": "100.0", "missing_lines": 0, "excluded_lines": 0, "percent_statements_covered": 100.0, "percent_statements_covered_display": "100.0"}, "missing_lines": [], "excluded_lines": [], "start_line": 133}, "DependencyCheckResponseDict": {"executed_lines": [], "summary": {"covered_lines": 0, "num_statements": 0, "percent_covered": 100.0, "percent_covered_display": "100.0", "missing_lines": 0, "excluded_lines": 0, "percent_statements_covered": 100.0, "percent_statements_covered_display": "100.0"}, "missing_lines": [], "excluded_lines": [], "start_line": 145}, "RecentBuildDict": {"executed_lines": [], "summary": {"covered_lines": 0, "num_statements": 0, "percent_covered": 100.0, "percent_covered_display": "100.0", "missing_lines": 0, "excluded_lines": 0, "percent_statements_covered": 100.0, "percent_statements_covered_display": "100.0"}, "missing_lines": [], "excluded_lines": [], "start_line": 154}, "TriggerRunResultDict": {"executed_lines": [], "summary": {"covered_lines": 0, "num_statements": 0, "percent_covered": 100.0, "percent_covered_display": "100.0", "missing_lines": 0, "excluded_lines": 0, "percent_statements_covered": 100.0, "percent_statements_covered_display": "100.0"}, "missing_lines": [], "excluded_lines": [], "start_line": 162}, "TriggerBuildRequest": {"executed_lines": [], "summary": {"covered_lines": 0, "num_statements": 0, "percent_covered": 100.0, "percent_covered_display": "100.0", "missing_lines": 0, "excluded_lines": 0, "percent_statements_covered": 100.0, "percent_statements_covered_display": "100.0"}, "missing_lines": [], "excluded_lines": [], "start_line": 212}, "TriggerBuildResponse": {"executed_lines": [], "summary": {"covered_lines": 0, "num_statements": 0, "percent_covered": 100.0, "percent_covered_display": "100.0", "missing_lines": 0, "excluded_lines": 0, "percent_statements_covered": 100.0, "percent_statements_covered_display": "100.0"}, "missing_lines": [], "excluded_lines": [], "start_line": 219}, "BuildTriggerInfo": {"executed_lines": [], "summary": {"covered_lines": 0, "num_statements": 0, "percent_covered": 100.0, "percent_covered_display": "100.0", "missing_lines": 0, "excluded_lines": 0, "percent_statements_covered": 100.0, "percent_statements_covered_display": "100.0"}, "missing_lines": [], "excluded_lines": [], "start_line": 230}, "BuildHistoryEntry": {"executed_lines": [], "summary": {"covered_lines": 0, "num_statements": 0, "percent_covered": 100.0, "percent_covered_display": "100.0", "missing_lines": 0, "excluded_lines": 0, "percent_statements_covered": 100.0, "percent_statements_covered_display": "100.0"}, "missing_lines": [], "excluded_lines": [], "start_line": 242}, "": {"executed_lines": [10, 12, 13, 14, 15, 16, 17, 18, 19, 20, 22, 23, 24, 26, 31, 32, 33, 38, 41, 48, 55, 64, 67, 68, 69, 70, 71, 72, 73, 74, 77, 80, 81, 82, 83, 84, 85, 86, 87, 88, 91, 94, 95, 96, 97, 100, 103, 104, 105, 106, 109, 112, 113, 114, 115, 116, 119, 122, 123, 124, 125, 126, 127, 128, 129, 130, 133, 136, 137, 138, 139, 140, 141, 142, 145, 148, 149, 150, 151, 154, 157, 158, 159, 162, 165, 166, 167, 170, 173, 196, 204, 209, 212, 215, 216, 219, 222, 223, 224, 225, 226, 227, 230, 233, 234, 235, 236, 237, 238, 239, 242, 245, 246, 247, 248, 249, 250, 251, 252, 255, 257, 272, 273, 274, 277, 280, 281, 282, 283, 284, 287, 289, 290, 291, 294, 295, 410, 466, 467, 666, 667, 728, 729, 804, 805], "summary": {"covered_lines": 145, "num_statements": 398, "percent_covered": 36.4321608040201, "percent_covered_display": "36.4", "missing_lines": 253, "excluded_lines": 2, "percent_statements_covered": 36.4321608040201, "percent_statements_covered_display": "36.4"}, "missing_lines": [43, 45, 50, 52, 57, 58, 305, 306, 308, 309, 310, 311, 312, 314, 319, 322, 325, 326, 328, 329, 331, 332, 333, 334, 335, 337, 339, 340, 341, 342, 343, 345, 347, 348, 349, 350, 351, 353, 354, 357, 358, 359, 360, 361, 362, 363, 364, 365, 367, 368, 369, 370, 371, 373, 386, 388, 391, 394, 395, 397, 404, 419, 420, 422, 424, 426, 427, 428, 434, 435, 436, 437, 439, 440, 441, 442, 445, 446, 447, 448, 449, 450, 451, 452, 453, 454, 455, 457, 459, 461, 462, 463, 475, 476, 483, 485, 487, 489, 490, 491, 494, 495, 496, 497, 498, 499, 501, 506, 507, 508, 509, 515, 516, 517, 522, 524, 525, 526, 529, 530, 531, 534, 537, 539, 542, 550, 552, 553, 554, 557, 558, 562, 563, 564, 565, 566, 567, 568, 569, 570, 573, 574, 576, 577, 578, 580, 581, 582, 583, 584, 585, 589, 597, 601, 602, 603, 604, 606, 607, 609, 611, 612, 613, 614, 615, 616, 617, 618, 620, 621, 624, 625, 631, 632, 634, 636, 645, 646, 649, 650, 657, 658, 673, 674, 679, 681, 683, 684, 685, 686, 689, 691, 693, 696, 697, 698, 700, 701, 704, 710, 712, 714, 716, 723, 724, 725, 739, 740, 745, 757, 758, 759, 760, 761, 762, 763, 764, 765, 768, 769, 770, 771, 772, 775, 776, 777, 780, 781, 782, 783, 790, 791, 794, 795, 796, 801, 811, 812, 814, 815, 816, 817, 819, 820, 821, 832, 833, 834, 835, 845, 846, 847, 854], "excluded_lines": [35, 36], "start_line": 1}}}, "deployment_api/routes/config.py": {"executed_lines": [7, 8, 9, 10, 12, 13, 14, 16, 17, 19, 21, 24, 27, 36, 37, 51, 52, 78, 79, 99, 100, 138, 139, 164, 165, 208, 209, 234, 235], "summary": {"covered_lines": 29, "num_statements": 151, "percent_covered": 19.205298013245034, "percent_covered_display": "19.2", "missing_lines": 122, "excluded_lines": 0, "percent_statements_covered": 19.205298013245034, "percent_statements_covered_display": "19.2"}, "missing_lines": [30, 31, 32, 33, 44, 61, 62, 63, 64, 65, 70, 87, 88, 89, 91, 92, 93, 94, 95, 96, 111, 112, 113, 114, 117, 118, 119, 124, 126, 127, 128, 129, 130, 131, 132, 133, 134, 135, 146, 147, 149, 150, 152, 153, 154, 156, 157, 158, 159, 160, 161, 175, 176, 178, 179, 181, 182, 183, 185, 186, 188, 193, 194, 195, 196, 200, 201, 202, 203, 204, 205, 216, 217, 219, 220, 222, 223, 224, 226, 227, 228, 229, 230, 231, 245, 247, 248, 249, 251, 252, 254, 255, 256, 258, 259, 261, 262, 264, 267, 268, 269, 270, 271, 272, 273, 274, 277, 278, 279, 280, 288, 302, 303, 304, 308, 310, 311, 312, 313, 314, 315, 316], "excluded_lines": [], "functions": {"get_config_loader": {"executed_lines": [], "summary": {"covered_lines": 0, "num_statements": 4, "percent_covered": 0.0, "percent_covered_display": "0.0", "missing_lines": 4, "excluded_lines": 0, "percent_statements_covered": 0.0, "percent_statements_covered_display": "0.0"}, "missing_lines": [30, 31, 32, 33], "excluded_lines": [], "start_line": 27}, "get_region_config": {"executed_lines": [], "summary": {"covered_lines": 0, "num_statements": 1, "percent_covered": 0.0, "percent_covered_display": "0.0", "missing_lines": 1, "excluded_lines": 0, "percent_statements_covered": 0.0, "percent_statements_covered_display": "0.0"}, "missing_lines": [44], "excluded_lines": [], "start_line": 37}, "validate_region": {"executed_lines": [], "summary": {"covered_lines": 0, "num_statements": 6, "percent_covered": 0.0, "percent_covered_display": "0.0", "missing_lines": 6, "excluded_lines": 0, "percent_statements_covered": 0.0, "percent_statements_covered_display": "0.0"}, "missing_lines": [61, 62, 63, 64, 65, 70], "excluded_lines": [], "start_line": 52}, "get_venues": {"executed_lines": [], "summary": {"covered_lines": 0, "num_statements": 7, "percent_covered": 0.0, "percent_covered_display": "0.0", "missing_lines": 7, "excluded_lines": 0, "percent_statements_covered": 0.0, "percent_statements_covered_display": "0.0"}, "missing_lines": [87, 91, 92, 93, 94, 95, 96], "excluded_lines": [], "start_line": 79}, "get_venues._load_venues_sync": {"executed_lines": [], "summary": {"covered_lines": 0, "num_statements": 2, "percent_covered": 0.0, "percent_covered_display": "0.0", "missing_lines": 2, "excluded_lines": 0, "percent_statements_covered": 0.0, "percent_statements_covered_display": "0.0"}, "missing_lines": [88, 89], "excluded_lines": [], "start_line": 87}, "get_venues_by_category": {"executed_lines": [], "summary": {"covered_lines": 0, "num_statements": 11, "percent_covered": 0.0, "percent_covered_display": "0.0", "missing_lines": 11, "excluded_lines": 0, "percent_statements_covered": 0.0, "percent_statements_covered_display": "0.0"}, "missing_lines": [111, 126, 127, 128, 129, 130, 131, 132, 133, 134, 135], "excluded_lines": [], "start_line": 100}, "get_venues_by_category._load_category_sync": {"executed_lines": [], "summary": {"covered_lines": 0, "num_statements": 7, "percent_covered": 0.0, "percent_covered_display": "0.0", "missing_lines": 7, "excluded_lines": 0, "percent_statements_covered": 0.0, "percent_statements_covered_display": "0.0"}, "missing_lines": [112, 113, 114, 117, 118, 119, 124], "excluded_lines": [], "start_line": 111}, "get_expected_start_dates": {"executed_lines": [], "summary": {"covered_lines": 0, "num_statements": 11, "percent_covered": 0.0, "percent_covered_display": "0.0", "missing_lines": 11, "excluded_lines": 0, "percent_statements_covered": 0.0, "percent_statements_covered_display": "0.0"}, "missing_lines": [146, 147, 149, 150, 152, 156, 157, 158, 159, 160, 161], "excluded_lines": [], "start_line": 139}, "get_expected_start_dates._load_yaml_sync": {"executed_lines": [], "summary": {"covered_lines": 0, "num_statements": 2, "percent_covered": 0.0, "percent_covered_display": "0.0", "missing_lines": 2, "excluded_lines": 0, "percent_statements_covered": 0.0, "percent_statements_covered_display": "0.0"}, "missing_lines": [153, 154], "excluded_lines": [], "start_line": 152}, "get_service_start_dates": {"executed_lines": [], "summary": {"covered_lines": 0, "num_statements": 15, "percent_covered": 0.0, "percent_covered_display": "0.0", "missing_lines": 15, "excluded_lines": 0, "percent_statements_covered": 0.0, "percent_statements_covered_display": "0.0"}, "missing_lines": [175, 176, 178, 179, 181, 193, 194, 195, 196, 200, 201, 202, 203, 204, 205], "excluded_lines": [], "start_line": 165}, "get_service_start_dates._load_service_dates_sync": {"executed_lines": [], "summary": {"covered_lines": 0, "num_statements": 5, "percent_covered": 0.0, "percent_covered_display": "0.0", "missing_lines": 5, "excluded_lines": 0, "percent_statements_covered": 0.0, "percent_statements_covered_display": "0.0"}, "missing_lines": [182, 183, 185, 186, 188], "excluded_lines": [], "start_line": 181}, "get_dependencies": {"executed_lines": [], "summary": {"covered_lines": 0, "num_statements": 11, "percent_covered": 0.0, "percent_covered_display": "0.0", "missing_lines": 11, "excluded_lines": 0, "percent_statements_covered": 0.0, "percent_statements_covered_display": "0.0"}, "missing_lines": [216, 217, 219, 220, 222, 226, 227, 228, 229, 230, 231], "excluded_lines": [], "start_line": 209}, "get_dependencies._load_deps_sync": {"executed_lines": [], "summary": {"covered_lines": 0, "num_statements": 2, "percent_covered": 0.0, "percent_covered_display": "0.0", "missing_lines": 2, "excluded_lines": 0, "percent_statements_covered": 0.0, "percent_statements_covered_display": "0.0"}, "missing_lines": [223, 224], "excluded_lines": [], "start_line": 222}, "get_service_dependencies": {"executed_lines": [], "summary": {"covered_lines": 0, "num_statements": 9, "percent_covered": 0.0, "percent_covered_display": "0.0", "missing_lines": 9, "excluded_lines": 0, "percent_statements_covered": 0.0, "percent_statements_covered_display": "0.0"}, "missing_lines": [245, 247, 310, 311, 312, 313, 314, 315, 316], "excluded_lines": [], "start_line": 235}, "get_service_dependencies._fetch": {"executed_lines": [], "summary": {"covered_lines": 0, "num_statements": 9, "percent_covered": 0.0, "percent_covered_display": "0.0", "missing_lines": 9, "excluded_lines": 0, "percent_statements_covered": 0.0, "percent_statements_covered_display": "0.0"}, "missing_lines": [248, 249, 251, 252, 254, 302, 303, 304, 308], "excluded_lines": [], "start_line": 247}, "get_service_dependencies._fetch._load_service_deps_sync": {"executed_lines": [], "summary": {"covered_lines": 0, "num_statements": 20, "percent_covered": 0.0, "percent_covered_display": "0.0", "missing_lines": 20, "excluded_lines": 0, "percent_statements_covered": 0.0, "percent_statements_covered_display": "0.0"}, "missing_lines": [255, 256, 258, 259, 261, 262, 264, 267, 268, 269, 270, 271, 272, 273, 274, 277, 278, 279, 280, 288], "excluded_lines": [], "start_line": 254}, "": {"executed_lines": [7, 8, 9, 10, 12, 13, 14, 16, 17, 19, 21, 24, 27, 36, 37, 51, 52, 78, 79, 99, 100, 138, 139, 164, 165, 208, 209, 234, 235], "summary": {"covered_lines": 29, "num_statements": 29, "percent_covered": 100.0, "percent_covered_display": "100.0", "missing_lines": 0, "excluded_lines": 0, "percent_statements_covered": 100.0, "percent_statements_covered_display": "100.0"}, "missing_lines": [], "excluded_lines": [], "start_line": 1}}, "classes": {"": {"executed_lines": [7, 8, 9, 10, 12, 13, 14, 16, 17, 19, 21, 24, 27, 36, 37, 51, 52, 78, 79, 99, 100, 138, 139, 164, 165, 208, 209, 234, 235], "summary": {"covered_lines": 29, "num_statements": 151, "percent_covered": 19.205298013245034, "percent_covered_display": "19.2", "missing_lines": 122, "excluded_lines": 0, "percent_statements_covered": 19.205298013245034, "percent_statements_covered_display": "19.2"}, "missing_lines": [30, 31, 32, 33, 44, 61, 62, 63, 64, 65, 70, 87, 88, 89, 91, 92, 93, 94, 95, 96, 111, 112, 113, 114, 117, 118, 119, 124, 126, 127, 128, 129, 130, 131, 132, 133, 134, 135, 146, 147, 149, 150, 152, 153, 154, 156, 157, 158, 159, 160, 161, 175, 176, 178, 179, 181, 182, 183, 185, 186, 188, 193, 194, 195, 196, 200, 201, 202, 203, 204, 205, 216, 217, 219, 220, 222, 223, 224, 226, 227, 228, 229, 230, 231, 245, 247, 248, 249, 251, 252, 254, 255, 256, 258, 259, 261, 262, 264, 267, 268, 269, 270, 271, 272, 273, 274, 277, 278, 279, 280, 288, 302, 303, 304, 308, 310, 311, 312, 313, 314, 315, 316], "excluded_lines": [], "start_line": 1}}}, "deployment_api/routes/data_batch_processing.py": {"executed_lines": [], "summary": {"covered_lines": 0, "num_statements": 160, "percent_covered": 0.0, "percent_covered_display": "0.0", "missing_lines": 160, "excluded_lines": 0, "percent_statements_covered": 0.0, "percent_statements_covered_display": "0.0"}, "missing_lines": [8, 9, 10, 11, 12, 14, 16, 17, 21, 27, 38, 43, 50, 52, 55, 56, 65, 67, 69, 71, 72, 74, 75, 78, 79, 84, 85, 88, 89, 90, 91, 92, 95, 96, 97, 98, 99, 100, 101, 102, 107, 110, 137, 139, 140, 141, 145, 146, 147, 148, 149, 150, 151, 152, 153, 154, 155, 156, 159, 178, 179, 183, 184, 185, 187, 205, 206, 207, 208, 209, 211, 212, 215, 216, 217, 218, 220, 225, 226, 228, 229, 232, 235, 238, 241, 244, 245, 246, 247, 248, 249, 250, 251, 252, 261, 262, 263, 264, 267, 269, 271, 272, 273, 276, 278, 280, 282, 296, 304, 305, 307, 308, 309, 310, 311, 312, 313, 314, 315, 318, 329, 330, 331, 332, 334, 343, 344, 353, 354, 355, 357, 366, 373, 374, 376, 378, 379, 380, 382, 384, 387, 388, 389, 397, 399, 400, 401, 404, 405, 406, 407, 408, 411, 416, 419, 420, 423, 426, 446, 466], "excluded_lines": [], "functions": {"get_last_updated_batch": {"executed_lines": [], "summary": {"covered_lines": 0, "num_statements": 17, "percent_covered": 0.0, "percent_covered_display": "0.0", "missing_lines": 17, "excluded_lines": 0, "percent_statements_covered": 0.0, "percent_statements_covered_display": "0.0"}, "missing_lines": [65, 67, 69, 88, 89, 90, 91, 92, 95, 96, 97, 98, 99, 100, 101, 102, 107], "excluded_lines": [], "start_line": 56}, "get_last_updated_batch.check_bucket_latest": {"executed_lines": [], "summary": {"covered_lines": 0, "num_statements": 8, "percent_covered": 0.0, "percent_covered_display": "0.0", "missing_lines": 8, "excluded_lines": 0, "percent_statements_covered": 0.0, "percent_statements_covered_display": "0.0"}, "missing_lines": [71, 72, 74, 75, 78, 79, 84, 85], "excluded_lines": [], "start_line": 69}, "get_data_status_turbo_impl": {"executed_lines": [], "summary": {"covered_lines": 0, "num_statements": 71, "percent_covered": 0.0, "percent_covered_display": "0.0", "missing_lines": 71, "excluded_lines": 0, "percent_statements_covered": 0.0, "percent_statements_covered_display": "0.0"}, "missing_lines": [137, 139, 140, 141, 145, 146, 147, 148, 149, 150, 151, 152, 153, 154, 155, 156, 159, 178, 179, 183, 184, 185, 187, 205, 206, 207, 208, 209, 211, 212, 215, 216, 217, 218, 220, 225, 226, 228, 229, 232, 235, 238, 241, 244, 245, 246, 247, 248, 249, 250, 251, 252, 261, 262, 263, 264, 267, 269, 404, 405, 406, 407, 408, 411, 416, 419, 420, 423, 426, 446, 466], "excluded_lines": [], "start_line": 110}, "get_data_status_turbo_impl.check_category": {"executed_lines": [], "summary": {"covered_lines": 0, "num_statements": 47, "percent_covered": 0.0, "percent_covered_display": "0.0", "missing_lines": 47, "excluded_lines": 0, "percent_statements_covered": 0.0, "percent_statements_covered_display": "0.0"}, "missing_lines": [271, 272, 273, 276, 278, 280, 282, 296, 304, 305, 307, 308, 309, 310, 311, 312, 313, 314, 315, 318, 329, 330, 331, 332, 334, 343, 344, 353, 354, 355, 357, 366, 373, 374, 376, 378, 379, 380, 382, 384, 387, 388, 389, 397, 399, 400, 401], "excluded_lines": [], "start_line": 269}, "": {"executed_lines": [], "summary": {"covered_lines": 0, "num_statements": 17, "percent_covered": 0.0, "percent_covered_display": "0.0", "missing_lines": 17, "excluded_lines": 0, "percent_statements_covered": 0.0, "percent_statements_covered_display": "0.0"}, "missing_lines": [8, 9, 10, 11, 12, 14, 16, 17, 21, 27, 38, 43, 50, 52, 55, 56, 110], "excluded_lines": [], "start_line": 1}}, "classes": {"": {"executed_lines": [], "summary": {"covered_lines": 0, "num_statements": 160, "percent_covered": 
[...]
40, 241, 243, 244, 245, 246, 247, 248, 249, 251, 252, 253, 255, 256, 263, 265, 266, 267, 268, 269, 270, 271, 272, 273, 274, 275, 281, 282, 283, 284, 285, 286, 287, 288, 289, 290, 291, 292, 293, 294, 295, 296, 298, 299, 300, 301, 302, 303, 305, 306, 307, 309, 310, 315, 316, 317, 318, 320, 321, 322, 323, 327, 328, 329, 331, 332, 333, 335, 336, 337, 339, 340, 341, 342, 343, 344, 345, 346, 347, 348, 349, 350, 351, 352, 357, 358, 360, 361, 362, 363, 365, 366, 369, 370, 371, 372, 374, 381, 386, 387, 388, 389, 394, 399, 400, 401, 402, 406, 408, 418, 421, 422, 423, 425, 426, 430, 431, 432, 433, 434, 436, 438, 439, 440, 442, 444, 445, 447, 448, 450, 451, 452, 455, 456, 458, 459, 460, 465, 466, 468, 469, 470, 471, 474, 475, 476, 478, 479, 483, 484], "excluded_lines": [], "start_line": 1}}}, "deployment_api/workers/deployment_processor.py": {"executed_lines": [8, 9, 10, 11, 12, 13, 14, 16, 18, 19, 21, 23, 24, 25, 26, 29, 32, 56, 62, 76, 78, 79, 80, 83, 84, 85, 86, 87, 89, 90, 91, 92, 95, 96, 97, 98, 99, 104, 105, 217, 218, 219, 224, 225, 228, 232, 233, 239, 257, 265, 266, 305, 306, 309, 310, 311, 352, 356, 357, 358, 362, 399, 406, 410, 411, 412, 416, 420, 421, 422, 426, 427, 432, 433, 438, 441, 444, 445, 446, 447, 448, 449, 450, 452, 453, 454, 456, 457, 458, 460, 465, 466, 467, 468, 470, 471, 472, 474, 475, 477, 478, 479, 483, 484, 486, 487, 488, 494, 495, 496, 565, 597, 599, 600, 601, 603, 607, 610, 613, 615, 618, 620, 621, 622, 624, 625, 626, 638, 685, 688, 690, 691, 692, 693, 694, 695, 696, 698, 699, 701, 702, 703, 709, 710, 711, 712, 713, 716, 719, 720, 742, 743, 747, 748, 752, 755, 757, 763, 766, 770, 771, 772, 774, 775, 776, 778, 783, 784, 786, 791, 800, 801, 802, 803, 804, 806, 807, 808, 809, 814, 815, 816, 819, 820, 825, 832], "summary": {"covered_lines": 186, "num_statements": 490, "percent_covered": 37.95918367346939, "percent_covered_display": "38.0", "missing_lines": 304, "excluded_lines": 0, "percent_statements_covered": 37.95918367346939, "percent_statements_covered_display": "38.0"}, "missing_lines": [66, 67, 68, 70, 71, 73, 106, 107, 108, 109, 110, 111, 113, 114, 119, 120, 121, 122, 124, 125, 126, 127, 131, 132, 135, 137, 138, 139, 141, 142, 143, 145, 153, 154, 155, 156, 157, 158, 159, 160, 164, 171, 176, 180, 181, 182, 187, 192, 193, 194, 196, 197, 198, 199, 200, 205, 206, 207, 211, 212, 213, 214, 215, 241, 242, 243, 244, 245, 246, 247, 248, 249, 250, 251, 252, 253, 254, 255, 258, 259, 260, 261, 267, 269, 270, 273, 274, 275, 280, 281, 282, 283, 285, 286, 287, 288, 289, 293, 294, 295, 298, 312, 313, 314, 315, 316, 317, 318, 320, 321, 323, 324, 325, 326, 330, 331, 338, 339, 340, 341, 342, 344, 346, 347, 364, 365, 367, 368, 370, 371, 373, 374, 376, 379, 384, 385, 389, 390, 391, 392, 393, 394, 396, 397, 401, 402, 403, 451, 461, 462, 476, 480, 485, 489, 490, 491, 492, 499, 500, 501, 503, 504, 510, 511, 514, 515, 516, 525, 529, 534, 535, 546, 547, 548, 549, 550, 551, 552, 553, 554, 555, 556, 557, 558, 559, 560, 561, 562, 566, 567, 569, 576, 581, 582, 583, 585, 586, 587, 588, 589, 590, 591, 592, 593, 594, 595, 608, 627, 628, 629, 630, 631, 632, 633, 634, 635, 636, 639, 641, 643, 644, 645, 646, 647, 648, 649, 650, 651, 654, 655, 656, 657, 658, 659, 660, 661, 663, 664, 670, 671, 672, 673, 674, 676, 677, 678, 679, 680, 681, 682, 683, 697, 700, 704, 705, 706, 707, 721, 722, 724, 730, 735, 736, 737, 738, 739, 744, 745, 746, 749, 750, 779, 780, 792, 797, 805, 810, 811, 821, 822, 823, 824, 826, 827, 828, 829, 830, 833, 834, 836, 837, 840, 841, 842, 843, 845, 852, 857, 858, 859, 860, 865, 866, 867], "excluded_lines": [], "functions": {"process_deployments_batch": {"executed_lines": [56, 62, 76, 410, 411, 412, 416, 420, 421, 422, 426, 427, 432, 433, 438], "summary": {"covered_lines": 15, "num_statements": 15, "percent_covered": 100.0, "percent_covered_display": "100.0", "missing_lines": 0, "excluded_lines": 0, "percent_statements_covered": 100.0, "percent_statements_covered_display": "100.0"}, "missing_lines": [], "excluded_lines": [], "start_line": 32}, "process_deployments_batch.get_config_dir": {"executed_lines": [], "summary": {"covered_lines": 0, "num_statements": 6, "percent_covered": 0.0, "percent_covered_display": "0.0", "missing_lines": 6, "excluded_lines": 0, "percent_statements_covered": 0.0, "percent_statements_covered_display": "0.0"}, "missing_lines": [66, 67, 68, 70, 71, 73], "excluded_lines": [], "start_line": 62}, "process_deployments_batch._process_one_deployment": {"executed_lines": [78, 79, 80, 83, 84, 85, 86, 87, 89, 90, 91, 92, 95, 96, 97, 98, 99, 104, 105, 217, 218, 219, 224, 225, 228, 232, 233, 239, 257, 265, 266, 305, 306, 309, 310, 311, 352, 356, 357, 358, 362, 399, 406], "summary": {"covered_lines": 43, "num_statements": 159, "percent_covered": 27.044025157232703, "percent_covered_display": "27.0", "missing_lines": 116, "excluded_lines": 0, "percent_statements_covered": 27.044025157232703, "percent_statements_covered_display": "27.0"}, "missing_lines": [106, 107, 108, 109, 110, 111, 113, 114, 119, 124, 125, 126, 127, 131, 132, 135, 137, 141, 145, 153, 154, 155, 156, 157, 158, 159, 160, 164, 171, 176, 180, 181, 182, 187, 192, 193, 194, 196, 197, 198, 199, 200, 205, 206, 207, 211, 212, 213, 214, 215, 258, 259, 260, 261, 267, 269, 270, 273, 274, 275, 280, 285, 286, 287, 288, 289, 293, 294, 295, 298, 312, 313, 314, 315, 316, 317, 318, 320, 321, 323, 324, 325, 326, 330, 331, 338, 339, 340, 341, 342, 344, 346, 347, 364, 365, 367, 368, 370, 371, 373, 374, 376, 379, 384, 385, 389, 390, 391, 392, 393, 394, 396, 397, 401, 402, 403], "excluded_lines": [], "start_line": 76}, "process_deployments_batch._process_one_deployment._zone_cpd": {"executed_lines": [], "summary": {"covered_lines": 0, "num_statements": 3, "percent_covered": 0.0, "percent_covered_display": "0.0", "missing_lines": 3, "excluded_lines": 0, "percent_statements_covered": 0.0, "percent_statements_covered_display": "0.0"}, "missing_lines": [120, 121, 122], "excluded_lines": [], "start_line": 119}, "process_deployments_batch._process_one_deployment._vm_status_cpd": {"executed_lines": [], "summary": {"covered_lines": 0, "num_statements": 2, "percent_covered": 0.0, "percent_covered_display": "0.0", "missing_lines": 2, "excluded_lines": 0, "percent_statements_covered": 0.0, "percent_statements_covered_display": "0.0"}, "missing_lines": [138, 139], "excluded_lines": [], "start_line": 137}, "process_deployments_batch._process_one_deployment._vm_zone_cpd": {"executed_lines": [], "summary": {"covered_lines": 0, "num_statements": 2, "percent_covered": 0.0, "percent_covered_display": "0.0", "missing_lines": 2, "excluded_lines": 0, "percent_statements_covered": 0.0, "percent_statements_covered_display": "0.0"}, "missing_lines": [142, 143], "excluded_lines": [], "start_line": 141}, "process_deployments_batch._process_one_deployment._read_status_obj": {"executed_lines": [], "summary": {"covered_lines": 0, "num_statements": 15, "percent_covered": 0.0, "percent_covered_display": "0.0", "missing_lines": 15, "excluded_lines": 0, "percent_statements_covered": 0.0, "percent_statements_covered_display": "0.0"}, "missing_lines": [241, 242, 243, 244, 245, 246, 247, 248, 249, 250, 251, 252, 253, 254, 255], "excluded_lines": [], "start_line": 239}, "process_deployments_batch._process_one_deployment._extract_zone": {"executed_lines": [], "summary": {"covered_lines": 0, "num_statements": 3, "percent_covered": 0.0, "percent_covered_display": "0.0", "missing_lines": 3, "excluded_lines": 0, "percent_statements_covered": 0.0, "percent_statements_covered_display": "0.0"}, "missing_lines": [281, 282, 283], "excluded_lines": [], "start_line": 280}, "_process_vm_health_and_status": {"executed_lines": [444, 445, 446, 447, 448, 449, 450, 452, 453, 454, 456, 460, 465, 466, 467, 468, 470, 471, 472, 474, 475, 477, 478, 479, 483, 484, 486, 487, 488, 494, 495, 496, 565, 597, 599, 600, 601, 603, 607, 610, 613, 615], "summary": {"covered_lines": 42, "num_statements": 100, "percent_covered": 42.0, "percent_covered_display": "42.0", "missing_lines": 58, "excluded_lines": 0, "percent_statements_covered": 42.0, "percent_statements_covered_display": "42.0"}, "missing_lines": [451, 476, 480, 485, 489, 490, 491, 492, 499, 500, 501, 503, 504, 510, 511, 514, 515, 516, 525, 529, 534, 535, 546, 547, 548, 549, 550, 551, 552, 553, 554, 555, 556, 557, 558, 559, 560, 561, 562, 566, 567, 569, 576, 581, 582, 583, 585, 586, 587, 588, 589, 590, 591, 592, 593, 594, 595, 608], "excluded_lines": [], "start_line": 441}, "_process_vm_health_and_status._vm_status": {"executed_lines": [457, 458], "summary": {"covered_lines": 2, "num_statements": 2, "percent_covered": 100.0, "percent_covered_display": "100.0", "missing_lines": 0, "excluded_lines": 0, "percent_statements_covered": 100.0, "percent_statements_covered_display": "100.0"}, "missing_lines": [], "excluded_lines": [], "start_line": 456}, "_process_vm_health_and_status._vm_zone": {"executed_lines": [], "summary": {"covered_lines": 0, "num_statements": 2, "percent_covered": 0.0, "percent_covered_display": "0.0", "missing_lines": 2, "excluded_lines": 0, "percent_statements_covered": 0.0, "percent_statements_covered_display": "0.0"}, "missing_lines": [461, 462], "excluded_lines": [], "start_line": 460}, "_process_cloud_run_status": {"executed_lines": [620, 621, 622, 624, 625, 626, 638, 685], "summary": {"covered_lines": 8, "num_statements": 43, "percent_covered": 18.6046511627907, "percent_covered_display": "18.6", "missing_lines": 35, "excluded_lines": 0, "percent_statements_covered": 18.6046511627907, "percent_statements_covered_display": "18.6"}, "missing_lines": [627, 628, 629, 630, 631, 632, 633, 634, 635, 636, 639, 641, 654, 655, 656, 657, 658, 659, 660, 661, 663, 664, 670, 671, 672, 673, 674, 676, 677, 678, 679, 680, 681, 682, 683], "excluded_lines": [], "start_line": 618}, "_process_cloud_run_status.parse_exec_name": {"executed_lines": [], "summary": {"covered_lines": 0, "num_statements": 9, "percent_covered": 0.0, "percent_covered_display": "0.0", "missing_lines": 9, "excluded_lines": 0, "percent_statements_covered": 0.0, "percent_statements_covered_display": "0.0"}, "missing_lines": [643, 644, 645, 646, 647, 648, 649, 650, 651], "excluded_lines": [], "start_line": 641}, "_process_stuck_shards": {"executed_lines": [690, 691, 692, 693, 694, 695, 696, 698, 699, 701, 702, 703, 709, 710, 711, 712, 713, 716, 719, 720, 742, 743, 747, 748, 752], "summary": {"covered_lines": 25, "num_statements": 45, "percent_covered": 55.55555555555556, "percent_covered_display": "55.6", "missing_lines": 20, "excluded_lines": 0, "percent_statements_covered": 55.55555555555556, "percent_statements_covered_display": "55.6"}, "missing_lines": [697, 700, 704, 705, 706, 707, 721, 722, 724, 730, 735, 736, 737, 738, 739, 744, 745, 746, 749, 750], "excluded_lines": [], "start_line": 688}, "_launch_pending_shards": {"executed_lines": [757, 763], "summary": {"covered_lines": 2, "num_statements": 2, "percent_covered": 100.0, "percent_covered_display": "100.0", "missing_lines": 0, "excluded_lines": 0, "percent_statements_covered": 100.0, "percent_statements_covered_display": "100.0"}, "missing_lines": [], "excluded_lines": [], "start_line": 755}, "_handle_orphan_vm_cleanup": {"executed_lines": [770, 771, 772, 774, 778, 783, 786, 791, 800, 801, 802, 803, 804, 806, 807, 808, 809, 814, 815, 816, 819, 820, 825, 832], "summary": {"covered_lines": 24, "num_statements": 55, "percent_covered": 43.63636363636363, "percent_covered_display": "43.6", "missing_lines": 31, "excluded_lines": 0, "percent_statements_covered": 43.63636363636363, "percent_statements_covered_display": "43.6"}, "missing_lines": [792, 797, 805, 810, 811, 821, 822, 823, 824, 826, 827, 828, 829, 830, 833, 834, 836, 837, 840, 841, 842, 843, 845, 852, 857, 858, 859, 860, 865, 866, 867], "excluded_lines": [], "start_line": 766}, "_handle_orphan_vm_cleanup._vm_status": {"executed_lines": [775, 776], "summary": {"covered_lines": 2, "num_statements": 2, "percent_covered": 100.0, "percent_covered_display": "100.0", "missing_lines": 0, "excluded_lines": 0, "percent_statements_covered": 100.0, "percent_statements_covered_display": "100.0"}, "missing_lines": [], "excluded_lines": [], "start_line": 774}, "_handle_orphan_vm_cleanup._vm_zone": {"executed_lines": [], "summary": {"covered_lines": 0, "num_statements": 2, "percent_covered": 0.0, "percent_covered_display": "0.0", "missing_lines": 2, "excluded_lines": 0, "percent_statements_covered": 0.0, "percent_statements_covered_display": "0.0"}, "missing_lines": [779, 780], "excluded_lines": [], "start_line": 778}, "_handle_orphan_vm_cleanup._pending_ts": {"executed_lines": [784], "summary": {"covered_lines": 1, "num_statements": 1, "percent_covered": 100.0, "percent_covered_display": "100.0", "missing_lines": 0, "excluded_lines": 0, "percent_statements_covered": 100.0, "percent_statements_covered_display": "100.0"}, "missing_lines": [], "excluded_lines": [], "start_line": 783}, "": {"executed_lines": [8, 9, 10, 11, 12, 13, 14, 16, 18, 19, 21, 23, 24, 25, 26, 29, 32, 441, 618, 688, 755, 766], "summary": {"covered_lines": 22, "num_statements": 22, "percent_covered": 100.0, "percent_covered_display": "100.0", "missing_lines": 0, "excluded_lines": 0, "percent_statements_covered": 100.0, "percent_statements_covered_display": "100.0"}, "missing_lines": [], "excluded_lines": [], "start_line": 1}}, "classes": {"": {"executed_lines": [8, 9, 10, 11, 12, 13, 14, 16, 18, 19, 21, 23, 24, 25, 26, 29, 32, 56, 62, 76, 78, 79, 80, 83, 84, 85, 86, 87, 89, 90, 91, 92, 95, 96, 97, 98, 99, 104, 105, 217, 218, 219, 224, 225, 228, 232, 233, 239, 257, 265, 266, 305, 306, 309, 310, 311, 352, 356, 357, 358, 362, 399, 406, 410, 411, 412, 416, 420, 421, 422, 426, 427, 432, 433, 438, 441, 444, 445, 446, 447, 448, 449, 450, 452, 453, 454, 456, 457, 458, 460, 465, 466, 467, 468, 470, 471, 472, 474, 475, 477, 478, 479, 483, 484, 486, 487, 488, 494, 495, 496, 565, 597, 599, 600, 601, 603, 607, 610, 613, 615, 618, 620, 621, 622, 624, 625, 626, 638, 685, 688, 690, 691, 692, 693, 694, 695, 696, 698, 699, 701, 702, 703, 709, 710, 711, 712, 713, 716, 719, 720, 742, 743, 747, 748, 752, 755, 757, 763, 766, 770, 771, 772, 774, 775, 776, 778, 783, 784, 786, 791, 800, 801, 802, 803, 804, 806, 807, 808, 809, 814, 815, 816, 819, 820, 825, 832], "summary": {"covered_lines": 186, "num_statements": 490, "percent_covered": 37.95918367346939, "percent_covered_display": "38.0", "missing_lines": 304, "excluded_lines": 0, "percent_statements_covered": 37.95918367346939, "percent_statements_covered_display": "38.0"}, "missing_lines": [66, 67, 68, 70, 71, 73, 106, 107, 108, 109, 110, 111, 113, 114, 119, 120, 121, 122, 124, 125, 126, 127, 131, 132, 135, 137, 138, 139, 141, 142, 143, 145, 153, 154, 155, 156, 157, 158, 159, 160, 164, 171, 176, 180, 181, 182, 187, 192, 193, 194, 196, 197, 198, 199, 200, 205, 206, 207, 211, 212, 213, 214, 215, 241, 242, 243, 244, 245, 246, 247, 248, 249, 250, 251, 252, 253, 254, 255, 258, 259, 260, 261, 267, 269, 270, 273, 274, 275, 280, 281, 282, 283, 285, 286, 287, 288, 289, 293, 294, 295, 298, 312, 313, 314, 315, 316, 317, 318, 320, 321, 323, 324, 325, 326, 330, 331, 338, 339, 340, 341, 342, 344, 346, 347, 364, 365, 367, 368, 370, 371, 373, 374, 376, 379, 384, 385, 389, 390, 391, 392, 393, 394, 396, 397, 401, 402, 403, 451, 461, 462, 476, 480, 485, 489, 490, 491, 492, 499, 500, 501, 503, 504, 510, 511, 514, 515, 516, 525, 529, 534, 535, 546, 547, 548, 549, 550, 551, 552, 553, 554, 555, 556, 557, 558, 559, 560, 561, 562, 566, 567, 569, 576, 581, 582, 583, 585, 586, 587, 588, 589, 590, 591, 592, 593, 594, 595, 608, 627, 628, 629, 630, 631, 632, 633, 634, 635, 636, 639, 641, 643, 644, 645, 646, 647, 648, 649, 650, 651, 654, 655, 656, 657, 658, 659, 660, 661, 663, 664, 670, 671, 672, 673, 674, 676, 677, 678, 679, 680, 681, 682, 683, 697, 700, 704, 705, 706, 707, 721, 722, 724, 730, 735, 736, 737, 738, 739, 744, 745, 746, 749, 750, 779, 780, 792, 797, 805, 810, 811, 821, 822, 823, 824, 826, 827, 828, 829, 830, 833, 834, 836, 837, 840, 841, 842, 843, 845, 852, 857, 858, 859, 860, 865, 866, 867], "excluded_lines": [], "start_line": 1}}}, "deployment_api/workers/deployment_worker.py": {"executed_lines": [15, 16, 17, 18, 19, 21, 24, 28, 31, 59, 60, 61, 64, 65, 70, 74, 96, 124, 126, 153, 154, 157, 161, 164, 166, 167, 168, 174, 175, 176, 179, 181, 184, 186, 187, 188, 189, 190, 191, 192, 193, 194, 195], "summary": {"covered_lines": 43, "num_statements": 55, "percent_covered": 78.18181818181819, "percent_covered_display": "78.2", "missing_lines": 12, "excluded_lines": 0, "percent_statements_covered": 78.18181818181819, "percent_statements_covered_display": "78.2"}, "missing_lines": [76, 77, 80, 81, 86, 87, 88, 89, 90, 91, 92, 93], "excluded_lines": [], "functions": {"run_deployment_in_process": {"executed_lines": [59, 60, 61, 64, 65, 70, 74], "summary": {"covered_lines": 7, "num_statements": 19, "percent_covered": 36.8421052631579, "percent_covered_display": "36.8", "missing_lines": 12, "excluded_lines": 0, "percent_statements_covered": 36.8421052631579, "percent_statements_covered_display": "36.8"}, "missing_lines": [76, 77, 80, 81, 86, 87, 88, 89, 90, 91, 92, 93], "excluded_lines": [], "start_line": 31}, "spawn_deployment_worker": {"executed_lines": [124, 126, 153, 154, 157], "summary": {"covered_lines": 5, "num_statements": 5, "percent_covered": 100.0, "percent_covered_display": "100.0", "missing_lines": 0, "excluded_lines": 0, "percent_statements_covered": 100.0, "percent_statements_covered_display": "100.0"}, "missing_lines": [], "excluded_lines": [], "start_line": 96}, "get_active_workers": {"executed_lines": [166, 167, 168, 174, 175, 176], "summary": {"covered_lines": 6, "num_statements": 6, "percent_covered": 100.0, "percent_covered_display": "100.0", "missing_lines": 0, "excluded_lines": 0, "percent_statements_covered": 100.0, "percent_statements_covered_display": "100.0"}, "missing_lines": [], "excluded_lines": [], "start_line": 164}, "register_worker": {"executed_lines": [181], "summary": {"covered_lines": 1, "num_statements": 1, "percent_covered": 100.0, "percent_covered_display": "100.0", "missing_lines": 0, "excluded_lines": 0, "percent_statements_covered": 100.0, "percent_statements_covered_display": "100.0"}, "missing_lines": [], "excluded_lines": [], "start_line": 179}, "terminate_worker": {"executed_lines": [186, 187, 188, 189, 190, 191, 192, 193, 194, 195], "summary": {"covered_lines": 10, "num_statements": 10, "percent_covered": 100.0, "percent_covered_display": "100.0", "missing_lines": 0, "excluded_lines": 0, "percent_statements_covered": 100.0, "percent_statements_covered_display": "100.0"}, "missing_lines": [], "excluded_lines": [], "start_line": 184}, "": {"executed_lines": [15, 16, 17, 18, 19, 21, 24, 28, 31, 96, 161, 164, 179, 184], "summary": {"covered_lines": 14, "num_statements": 14, "percent_covered": 100.0, "percent_covered_display": "100.0", "missing_lines": 0, "excluded_lines": 0, "percent_statements_covered": 100.0, "percent_statements_covered_display": "100.0"}, "missing_lines": [], "excluded_lines": [], "start_line": 1}}, "classes": {"": {"executed_lines": [15, 16, 17, 18, 19, 21, 24, 28, 31, 59, 60, 61, 64, 65, 70, 74, 96, 124, 126, 153, 154, 157, 161, 164, 166, 167, 168, 174, 175, 176, 179, 181, 184, 186, 187, 188, 189, 190, 191, 192, 193, 194, 195], "summary": {"covered_lines": 43, "num_statements": 55, "percent_covered": 78.18181818181819, "percent_covered_display": "78.2", "missing_lines": 12, "excluded_lines": 0, "percent_statements_covered": 78.18181818181819, "percent_statements_covered_display": "78.2"}, "missing_lines": [76, 77, 80, 81, 86, 87, 88, 89, 90, 91, 92, 93], "excluded_lines": [], "start_line": 1}}}}, "totals": {"covered_lines": 3718, "num_statements": 8368, "percent_covered": 44.43116634799235, "percent_covered_display": "44.4", "missing_lines": 4650, "excluded_lines": 8, "percent_statements_covered": 44.43116634799235, "percent_statements_covered_display": "44.4"}}